Log file open, 11/21/17 02:07:31
LogWindows: Failed to load 'aqProf.dll' (GetLastError=126)
LogWindows: File 'aqProf.dll' does not exist
LogWindows: Failed to load 'VtuneApi.dll' (GetLastError=126)
LogWindows: File 'VtuneApi.dll' does not exist
LogWindows: Failed to load 'VtuneApi32e.dll' (GetLastError=126)
LogWindows: File 'VtuneApi32e.dll' does not exist
LogInit: Display: Running engine for game: PuzzlePlatforms
LogPlatformFile: Not using cached read wrapper
LogInit: Display: RandInit(-1314867932) SRandInit(-1314867932).
LogTaskGraph: Started task graph with 5 named threads and 14 total threads with 3 sets of task threads.
LogStats: Stats thread started at 0.157212
LogD3D11RHI: Aftermath initialized
LogPluginManager: Mounting plugin Paper2D
LogPluginManager: Mounting plugin LightPropagationVolume
LogPluginManager: Mounting plugin CodeLiteSourceCodeAccess
LogPluginManager: Mounting plugin GitSourceControl
LogPluginManager: Mounting plugin KDevelopSourceCodeAccess
LogPluginManager: Mounting plugin NullSourceCodeAccess
LogPluginManager: Mounting plugin PerforceSourceControl
LogPluginManager: Mounting plugin SubversionSourceControl
LogPluginManager: Mounting plugin UObjectPlugin
LogPluginManager: Mounting plugin VisualStudioSourceCodeAccess
LogPluginManager: Mounting plugin XCodeSourceCodeAccess
LogPluginManager: Mounting plugin AssetManagerEditor
LogPluginManager: Mounting plugin AudioCapture
LogPluginManager: Mounting plugin FacialAnimation
LogPluginManager: Mounting plugin GameplayTagsEditor
LogPluginManager: Mounting plugin MobileLauncherProfileWizard
LogPluginManager: Mounting plugin PluginBrowser
LogPluginManager: Mounting plugin SpeedTreeImporter
LogPluginManager: Mounting plugin AlembicImporter
LogPluginManager: Mounting plugin CharacterAI
LogPluginManager: Mounting plugin HTML5Networking
LogPluginManager: Mounting plugin AndroidMedia
LogPluginManager: Mounting plugin AvfMedia
LogPluginManager: Mounting plugin MediaPlayerEditor
LogPluginManager: Mounting plugin WmfMedia
LogPluginManager: Mounting plugin TcpMessaging
LogPluginManager: Mounting plugin UdpMessaging
LogPluginManager: Mounting plugin LevelSequenceEditor
LogPluginManager: Mounting plugin MatineeToLevelSequence
LogPluginManager: Mounting plugin OnlineSubsystemGooglePlay
LogPluginManager: Mounting plugin OnlineSubsystemIOS
LogPluginManager: Mounting plugin OnlineSubsystem
LogPluginManager: Mounting plugin OnlineSubsystemNull
LogPluginManager: Mounting plugin OnlineSubsystemUtils
LogPluginManager: Mounting plugin AndroidDeviceProfileSelector
LogPluginManager: Mounting plugin AndroidMoviePlayer
LogPluginManager: Mounting plugin AndroidPermission
LogPluginManager: Mounting plugin AppleMoviePlayer
LogPluginManager: Mounting plugin ArchVisCharacter
LogPluginManager: Mounting plugin CableComponent
LogPluginManager: Mounting plugin CustomMeshComponent
LogPluginManager: Mounting plugin ExampleDeviceProfileSelector
LogPluginManager: Mounting plugin GoogleCloudMessaging
LogPluginManager: Mounting plugin ImmediatePhysics
LogPluginManager: Mounting plugin IOSDeviceProfileSelector
LogPluginManager: Mounting plugin LinuxDeviceProfileSelector
LogPluginManager: Mounting plugin LocationServicesBPLibrary
LogPluginManager: Mounting plugin MobilePatchingUtils
LogPluginManager: Mounting plugin OculusVR
LogPluginManager: Mounting plugin PhysXVehicles
LogPluginManager: Mounting plugin ProceduralMeshComponent
LogPluginManager: Mounting plugin RuntimePhysXCooking
LogPluginManager: Mounting plugin SteamVR
LogPluginManager: Mounting plugin WindowsMoviePlayer
LogInit: Using libcurl 7.47.1
LogInit:  - built for x86_64-pc-win32
LogInit:  - supports SSL with OpenSSL/1.0.2g
LogInit:  - supports HTTP deflate (compression) using libz 1.2.8
LogInit:  - other features:
LogInit:      CURL_VERSION_SSL
LogInit:      CURL_VERSION_LIBZ
LogInit:      CURL_VERSION_IPV6
LogInit:      CURL_VERSION_ASYNCHDNS
LogInit:      CURL_VERSION_LARGEFILE
LogInit:      CURL_VERSION_IDN
LogInit:  CurlRequestOptions (configurable via config and command line):
LogInit:  - bVerifyPeer = false  - Libcurl will NOT verify peer certificate
LogInit:  - bUseHttpProxy = false  - Libcurl will NOT use HTTP proxy
LogInit:  - bDontReuseConnections = false  - Libcurl will reuse connections
LogInit:  - CertBundlePath = nullptr  - Libcurl will use whatever was configured at build time.
LogInit: Build: ++UE4+Release-4.17-CL-3658906
LogInit: Engine Version: 4.17.2-3658906+++UE4+Release-4.17
LogInit: Compatible Engine Version: 4.17.0-3573198+++UE4+Release-4.17
LogInit: Net CL: 3573198
LogDevObjectVersion: Number of dev versions registered: 16
LogDevObjectVersion:   Dev-Blueprints (B0D832E4-1F89-4F0D-ACCF-7EB736FD4AA2): 10
LogDevObjectVersion:   Dev-Build (E1C64328-A22C-4D53-A36C-8E866417BD8C): 0
LogDevObjectVersion:   Dev-Core (375EC13C-06E4-48FB-B500-84F0262A717E): 2
LogDevObjectVersion:   Dev-Editor (E4B068ED-F494-42E9-A231-DA0B2E46BB41): 20
LogDevObjectVersion:   Dev-Framework (CFFC743F-43B0-4480-9391-14DF171D2073): 28
LogDevObjectVersion:   Dev-Mobile (B02B49B5-BB20-44E9-A304-32B752E40360): 0
LogDevObjectVersion:   Dev-Networking (A4E4105C-59A1-49B5-A7C5-40C4547EDFEE): 0
LogDevObjectVersion:   Dev-Online (39C831C9-5AE6-47DC-9A44-9C173E1C8E7C): 0
LogDevObjectVersion:   Dev-Physics (78F01B33-EBEA-4F98-B9B4-84EACCB95AA2): 0
LogDevObjectVersion:   Dev-Platform (6631380F-2D4D-43E0-8009-CF276956A95A): 0
LogDevObjectVersion:   Dev-Rendering (12F88B9F-8875-4AFC-A67C-D90C383ABD29): 19
LogDevObjectVersion:   Dev-Sequencer (7B5AE74C-D270-4C10-A958-57980B212A5A): 4
LogDevObjectVersion:   Dev-VR (D7296918-1DD6-4BDD-9DE2-64A83CC13884): 0
LogDevObjectVersion:   Dev-LoadTimes (C2A15278-BFE7-4AFE-6C17-90FF531DF755): 1
LogDevObjectVersion:   Private-Geometry (6EACA3D4-40EC-4CC1-B786-8BED09428FC5): 1
LogDevObjectVersion:   Dev-AnimPhys (29E575DD-E0A3-4627-9D10-D276232CDCEA): 7
LogInit: Compiled (64-bit): Sep 22 2017 13:47:16
LogInit: Compiled with Visual C++: 19.00.24215.01
LogInit: Build Configuration: Development
LogInit: Branch Name: ++UE4+Release-4.17
LogInit: Command line:  /Game/ThirdPersonCPP/Maps/ThirdPersonExampleMap -server -log
LogInit: Base directory: E:/EpicGames/UE_4.17/Engine/Binaries/Win64/
LogInit: Installed Engine Build: 1
LogInit: Presizing for max 8388607 objects, including 0 objects not considered by GC, pre-allocating 0 bytes for permanent pool.
LogInit: Object subsystem initialized
[2017.11.21-07.07.31:805][  0]LogInit: Selected Device Profile: [Windows]
[2017.11.21-07.07.31:805][  0]LogInit: Applying CVar settings loaded from the selected device profile: [Windows]
[2017.11.21-07.07.31:816][  0]LogInit: Computer: FRANKENSTEIN-PC
[2017.11.21-07.07.31:816][  0]LogInit: User: Nazthraak
[2017.11.21-07.07.31:817][  0]LogInit: CPU Page size=4096, Cores=4
[2017.11.21-07.07.31:817][  0]LogInit: High frequency timer resolution =3.513584 MHz
[2017.11.21-07.07.31:817][  0]LogMemory: Memory total: Physical=15.9GB (16GB approx)
[2017.11.21-07.07.31:817][  0]LogMemory: Platform Memory Stats for Windows
[2017.11.21-07.07.31:818][  0]LogMemory: Process Physical Memory: 278.72 MB used, 278.72 MB peak
[2017.11.21-07.07.31:818][  0]LogMemory: Process Virtual Memory: 282.26 MB used, 282.26 MB peak
[2017.11.21-07.07.31:818][  0]LogMemory: Physical Memory: 7208.49 MB used,  9118.39 MB free, 16326.88 MB total
[2017.11.21-07.07.31:818][  0]LogMemory: Virtual Memory: 676.22 MB used,  9118.39 MB free, 134217728.00 MB total
[2017.11.21-07.07.31:902][  0]LogInit: Using OS detected language (en-US).
[2017.11.21-07.07.31:902][  0]LogInit: Using OS detected locale (en-US).
[2017.11.21-07.07.31:905][  0]LogTextLocalizationManager: No specific localization for 'en-US' exists, so the 'en' localization will be used.
[2017.11.21-07.07.32:274][  0]LogShaderCompilers: Guid format shader working directory is -22 characters bigger than the processId version (D:/Dev/UnrealCourse/Multiplayer/UnrealMultiplayerProject/PuzzlePlatforms/Intermediate/Shaders/WorkingDirectory/9492/).
[2017.11.21-07.07.32:275][  0]LogShaderCompilers: Cleaned the shader compiler working directory 'C:/Users/Nazthraak/AppData/Local/Temp/UnrealShaderWorkingDir/ED128BB34E04441B7DD537B0E19A364E/'.
[2017.11.21-07.07.32:275][  0]LogShaderCompilers: Display: Using Local Shader Compiler.
[2017.11.21-07.07.32:656][  0]LogDerivedDataCache: Display: Max Cache Size: 512 MB
[2017.11.21-07.07.32:736][  0]LogDerivedDataCache: Loaded boot cache 0.08s 93MB C:/Users/Nazthraak/AppData/Local/UnrealEngine/4.17/DerivedDataCache/Boot.ddc.
[2017.11.21-07.07.32:736][  0]LogDerivedDataCache: Display: Loaded Boot cache: C:/Users/Nazthraak/AppData/Local/UnrealEngine/4.17/DerivedDataCache/Boot.ddc
[2017.11.21-07.07.32:738][  0]LogDerivedDataCache: FDerivedDataBackendGraph:  Pak pak cache file D:/Dev/UnrealCourse/Multiplayer/UnrealMultiplayerProject/PuzzlePlatforms/DerivedDataCache/DDC.ddp not found, will not use a pak cache.
[2017.11.21-07.07.32:738][  0]LogDerivedDataCache: Unable to find inner node Pak for hierarchical cache Hierarchy.
[2017.11.21-07.07.32:738][  0]LogDerivedDataCache: FDerivedDataBackendGraph:  CompressedPak pak cache file D:/Dev/UnrealCourse/Multiplayer/UnrealMultiplayerProject/PuzzlePlatforms/DerivedDataCache/Compressed.ddp not found, will not use a pak cache.
[2017.11.21-07.07.32:738][  0]LogDerivedDataCache: Unable to find inner node CompressedPak for hierarchical cache Hierarchy.
[2017.11.21-07.07.32:752][  0]LogDerivedDataCache: Display: Pak cache opened for reading ../../../Engine/DerivedDataCache/Compressed.ddp.
[2017.11.21-07.07.32:764][  0]LogDerivedDataCache: Using Local data cache path C:/Users/Nazthraak/AppData/Local/UnrealEngine/Common/DerivedDataCache: Writable
[2017.11.21-07.07.32:915][  0]LogAssetRegistry: FAssetRegistry took 0.0038 seconds to start up
[2017.11.21-07.07.32:986][  0]LogPackageLocalizationCache: Processed 5 localized package path(s) for 2 prioritized culture(s) in 0.057035 seconds
[2017.11.21-07.07.33:244][  0]LogTemp: Display: Loaded TP AllDesktopTargetPlatform
[2017.11.21-07.07.33:275][  0]LogTemp: Display: Loaded TP MacClientTargetPlatform
[2017.11.21-07.07.33:306][  0]LogTemp: Display: Loaded TP MacNoEditorTargetPlatform
[2017.11.21-07.07.33:336][  0]LogTemp: Display: Loaded TP MacServerTargetPlatform
[2017.11.21-07.07.33:367][  0]LogTemp: Display: Loaded TP MacTargetPlatform
[2017.11.21-07.07.33:397][  0]LogTemp: Display: Loaded TP WindowsClientTargetPlatform
[2017.11.21-07.07.33:428][  0]LogTemp: Display: Loaded TP WindowsNoEditorTargetPlatform
[2017.11.21-07.07.33:459][  0]LogTemp: Display: Loaded TP WindowsServerTargetPlatform
[2017.11.21-07.07.33:484][  0]LogTemp: Display: Loaded TP WindowsTargetPlatform
[2017.11.21-07.07.33:515][  0]LogTemp: Display: Loaded TP AndroidTargetPlatform
[2017.11.21-07.07.33:544][  0]LogTemp: Display: Loaded TP Android_ASTCTargetPlatform
[2017.11.21-07.07.33:573][  0]LogTemp: Display: Loaded TP Android_ATCTargetPlatform
[2017.11.21-07.07.33:603][  0]LogTemp: Display: Loaded TP Android_DXTTargetPlatform
[2017.11.21-07.07.33:632][  0]LogTemp: Display: Loaded TP Android_ETC1TargetPlatform
[2017.11.21-07.07.33:661][  0]LogTemp: Display: Loaded TP Android_ETC2TargetPlatform
[2017.11.21-07.07.33:719][  0]LogTemp: Display: Loaded TP Android_MultiTargetPlatform
[2017.11.21-07.07.33:719][  0]LogTemp: Display: Loaded TP Android_PVRTCTargetPlatform
[2017.11.21-07.07.33:740][  0]LogTemp: Display: Loaded TP HTML5TargetPlatform
[2017.11.21-07.07.33:806][  0]LogTemp: Display: Loaded TP IOSTargetPlatform
[2017.11.21-07.07.33:825][  0]LogTemp: Display: Loaded TP TVOSTargetPlatform
[2017.11.21-07.07.33:854][  0]LogTemp: Display: Loaded TP LinuxClientTargetPlatform
[2017.11.21-07.07.33:883][  0]LogTemp: Display: Loaded TP LinuxNoEditorTargetPlatform
[2017.11.21-07.07.33:912][  0]LogTemp: Display: Loaded TP LinuxServerTargetPlatform
[2017.11.21-07.07.33:941][  0]LogTemp: Display: Loaded TP LinuxTargetPlatform
[2017.11.21-07.07.33:942][  0]LogTargetPlatformManager: Display: Building Assets For Windows
[2017.11.21-07.07.34:195][  0]LogInit: Selected Device Profile: [Windows]
[2017.11.21-07.07.34:363][  0]LogSimplygon: Simplygon DLL not present - disabling.
[2017.11.21-07.07.34:385][  0]LogMeshReduction: Using SimplygonSwarm for distributed automatic mesh merging
[2017.11.21-07.07.34:385][  0]LogMeshReduction: Using QuadricMeshReduction for automatic static mesh reduction
[2017.11.21-07.07.34:386][  0]LogMeshReduction: No automatic skeletal mesh reduction module available
[2017.11.21-07.07.34:386][  0]LogMeshReduction: No automatic mesh merging module available
[2017.11.21-07.07.34:386][  0]LogMeshMerging: No automatic mesh merging module available
[2017.11.21-07.07.34:489][  0]LogNetVersion: PuzzlePlatforms , NetCL: 3573198, EngineNetVer: 2, GameNetVer: 0 (Checksum: 3987055464)
[2017.11.21-07.07.34:581][  0]LogInit: WinSock: version 1.1 (2.2), MaxSocks=32767, MaxUdp=65467
[2017.11.21-07.07.35:074][  0]LogCollectionManager: Loaded 0 collections in 0.001119 seconds
[2017.11.21-07.07.35:119][  0]LogFileCache: Scanning file cache for directory 'D:/Dev/UnrealCourse/Multiplayer/UnrealMultiplayerProject/PuzzlePlatforms/Saved/Collections/' took 0.01s
[2017.11.21-07.07.35:119][  0]LogFileCache: Scanning file cache for directory 'D:/Dev/UnrealCourse/Multiplayer/UnrealMultiplayerProject/PuzzlePlatforms/Content/Developers/Nazthraak/Collections/' took 0.01s
[2017.11.21-07.07.35:121][  0]LogFileCache: Scanning file cache for directory 'D:/Dev/UnrealCourse/Multiplayer/UnrealMultiplayerProject/PuzzlePlatforms/Content/Collections/' took 0.01s
[2017.11.21-07.07.35:123][  0]LogCollectionManager: Rebuilt the object cache for 0 collections in 0.000001 seconds (found 0 objects)
[2017.11.21-07.07.35:124][  0]LogCollectionManager: Fixed up redirectors for 0 collections in 0.004449 seconds (updated 0 objects)
[2017.11.21-07.07.35:504][  0]SourceControl: Source control is disabled
[2017.11.21-07.07.35:505][  0]SourceControl: Source control is disabled
[2017.11.21-07.07.35:530][  0]SourceControl: Source control is disabled
[2017.11.21-07.07.35:667][  0]LogAndroidPermission: UAndroidPermissionCallbackProxy::GetInstance
[2017.11.21-07.07.35:801][  0]LogOcInput: OculusInput pre-init called
[2017.11.21-07.07.35:858][  0]LogUObjectArray: 37426 objects as part of root set at end of initial load.
[2017.11.21-07.07.35:858][  0]LogUObjectAllocator: 8011760 out of 0 bytes used by permanent object pool.
[2017.11.21-07.07.35:859][  0]LogUObjectArray: CloseDisregardForGC: 0/0 objects in disregard for GC pool
[2017.11.21-07.07.35:918][  0]LogEngine: Initializing Engine...
[2017.11.21-07.07.35:939][  0]LogStats: UGameplayTagsManager::ConstructGameplayTagTree: Construct from data asset -  0.000 s
[2017.11.21-07.07.35:939][  0]LogStats: UGameplayTagsManager::ConstructGameplayTagTree: GameplayTagTreeChangedEvent.Broadcast -  0.000 s
[2017.11.21-07.07.36:022][  0]LogDerivedDataCache: Saved boot cache 0.08s 91MB C:/Users/Nazthraak/AppData/Local/UnrealEngine/4.17/DerivedDataCache/Boot.ddc.
[2017.11.21-07.07.36:037][  0]LogInit: Texture streaming: Disabled
[2017.11.21-07.07.36:054][  0]LogMaterial: Uniform references updated for custom material expression Custom.
[2017.11.21-07.07.36:152][  0]LogSlateStyle: Warning: Unable to find Slate Widget Style 'NormalText'. Using FTextBlockStyle defaults instead.
[2017.11.21-07.07.36:153][  0]LogSlateStyle: Warning: Unable to find Slate Widget Style 'SpinBox'. Using FSpinBoxStyle defaults instead.
[2017.11.21-07.07.36:245][  0]LogInit: Display: Game Engine Initialized.
[2017.11.21-07.07.36:245][  0]LogGameplayTags: Display: UGameplayTagsManager::DoneAddingNativeTags. DelegateIsBound: 0
[2017.11.21-07.07.36:331][  0]LogInit: Display: Starting Game.
[2017.11.21-07.07.36:331][  0]LogNet: Browse: /Game/ThirdPersonCPP/Maps/ThirdPersonExampleMap?Name=Player
[2017.11.21-07.07.36:332][  0]LogLoad: LoadMap: /Game/ThirdPersonCPP/Maps/ThirdPersonExampleMap?Name=Player
[2017.11.21-07.07.36:358][  0]LogMemory: Platform Memory Stats for Windows
[2017.11.21-07.07.36:358][  0]LogMemory: Process Physical Memory: 655.60 MB used, 716.76 MB peak
[2017.11.21-07.07.36:359][  0]LogMemory: Process Virtual Memory: 615.09 MB used, 683.25 MB peak
[2017.11.21-07.07.36:359][  0]LogMemory: Physical Memory: 7594.98 MB used,  8731.90 MB free, 16326.88 MB total
[2017.11.21-07.07.36:359][  0]LogMemory: Virtual Memory: 1126.13 MB used,  8731.90 MB free, 134217728.00 MB total
[2017.11.21-07.07.36:360][  0]LogMemory: 
[2017.11.21-07.07.36:360][  0]Allocator Stats for TBB: (not implemented)
[2017.11.21-07.07.36:360][  0]LogLinker: Warning: Can't find file '/Game/ThirdPersonCPP/Maps/ThirdPersonExampleMap'
[2017.11.21-07.07.36:360][  0]LogUObjectGlobals: Warning: Failed to load '/Game/ThirdPersonCPP/Maps/ThirdPersonExampleMap': Can't find file '/Game/ThirdPersonCPP/Maps/ThirdPersonExampleMap'
[2017.11.21-07.07.36:361][  0]LogLoad: Error: Failed to enter /Game/ThirdPersonCPP/Maps/ThirdPersonExampleMap: Failed to load package '/Game/ThirdPersonCPP/Maps/ThirdPersonExampleMap'. Please check the log for errors.
[2017.11.21-07.07.40:506][  0]LogWindows: FPlatformMisc::RequestExit(0)
[2017.11.21-07.07.40:593][  0]LogLoad: (Engine Initialization) Total time: 10.10 seconds
[2017.11.21-07.07.40:593][  0]LogLoad: (Engine Initialization) Total Blueprint compile time: 0.00 seconds
[2017.11.21-07.07.40:593][  0]LogExit: Preparing to exit.
[2017.11.21-07.07.40:663][  0]LogExit: Game engine shut down
[2017.11.21-07.07.40:740][  0]LogExit: Object subsystem successfully closed.
[2017.11.21-07.07.40:766][  0]LogModuleManager: Shutting down and abandoning module SequenceRecorderSections (310)
[2017.11.21-07.07.40:766][  0]LogModuleManager: Shutting down and abandoning module SequenceRecorder (308)
[2017.11.21-07.07.40:773][  0]LogModuleManager: Shutting down and abandoning module AutomationController (306)
[2017.11.21-07.07.40:775][  0]LogModuleManager: Shutting down and abandoning module AutomationWorker (304)
[2017.11.21-07.07.40:776][  0]LogModuleManager: Shutting down and abandoning module WmfMediaFactory (302)
[2017.11.21-07.07.40:778][  0]LogModuleManager: Shutting down and abandoning module AvfMediaFactory (300)
[2017.11.21-07.07.40:784][  0]LogModuleManager: Shutting down and abandoning module AndroidMediaFactory (298)
[2017.11.21-07.07.40:788][  0]LogModuleManager: Shutting down and abandoning module Media (297)
[2017.11.21-07.07.40:791][  0]LogModuleManager: Shutting down and abandoning module CharacterAI (294)
[2017.11.21-07.07.40:792][  0]LogModuleManager: Shutting down and abandoning module SessionServices (292)
[2017.11.21-07.07.40:792][  0]LogModuleManager: Shutting down and abandoning module MovieSceneTracks (290)
[2017.11.21-07.07.40:793][  0]LogModuleManager: Shutting down and abandoning module MovieScene (288)
[2017.11.21-07.07.40:797][  0]LogModuleManager: Shutting down and abandoning module GeometryCache (286)
[2017.11.21-07.07.40:800][  0]LogModuleManager: Shutting down and abandoning module GeometryCacheEd (285)
[2017.11.21-07.07.40:804][  0]LogModuleManager: Shutting down and abandoning module Niagara (282)
[2017.11.21-07.07.40:805][  0]LogModuleManager: Shutting down and abandoning module NiagaraEditor (281)
[2017.11.21-07.07.40:806][  0]LogModuleManager: Shutting down and abandoning module StreamingPauseRendering (278)
[2017.11.21-07.07.40:807][  0]LogModuleManager: Shutting down and abandoning module ProfilerService (276)
[2017.11.21-07.07.40:900][  0]LogModuleManager: Shutting down and abandoning module TaskGraph (274)
[2017.11.21-07.07.40:901][  0]LogModuleManager: Shutting down and abandoning module SteamVRController (272)
[2017.11.21-07.07.40:902][  0]LogModuleManager: Shutting down and abandoning module ProceduralMeshComponent (270)
[2017.11.21-07.07.40:903][  0]LogModuleManager: Shutting down and abandoning module OculusInput (268)
[2017.11.21-07.07.40:905][  0]LogModuleManager: Shutting down and abandoning module MobilePatchingUtils (266)
[2017.11.21-07.07.40:908][  0]LogModuleManager: Shutting down and abandoning module CustomMeshComponent (264)
[2017.11.21-07.07.40:909][  0]LogModuleManager: Shutting down and abandoning module CableComponent (262)
[2017.11.21-07.07.40:909][  0]LogModuleManager: Shutting down and abandoning module ArchVisCharacter (260)
[2017.11.21-07.07.40:910][  0]LogModuleManager: Shutting down and abandoning module AndroidPermission (258)
[2017.11.21-07.07.40:911][  0]LogModuleManager: Shutting down and abandoning module HTML5Networking (254)
[2017.11.21-07.07.40:917][  0]LogModuleManager: Shutting down and abandoning module VisualStudioSourceCodeAccess (252)
[2017.11.21-07.07.40:920][  0]LogModuleManager: Shutting down and abandoning module DesktopPlatform (251)
[2017.11.21-07.07.40:921][  0]LogModuleManager: Shutting down and abandoning module HotReload (249)
[2017.11.21-07.07.40:926][  0]LogModuleManager: Shutting down and abandoning module UObjectPlugin (246)
[2017.11.21-07.07.40:926][  0]LogModuleManager: Shutting down and abandoning module SubversionSourceControl (244)
[2017.11.21-07.07.40:927][  0]LogModuleManager: Shutting down and abandoning module PerforceSourceControl (242)
[2017.11.21-07.07.40:928][  0]LogModuleManager: Shutting down and abandoning module SourceControl (241)
[2017.11.21-07.07.40:929][  0]LogModuleManager: Shutting down and abandoning module RuntimePhysXCooking (238)
[2017.11.21-07.07.40:931][  0]LogModuleManager: Shutting down and abandoning module PhysXVehiclesEditor (236)
[2017.11.21-07.07.40:934][  0]LogModuleManager: Shutting down and abandoning module PhysXVehicles (234)
[2017.11.21-07.07.40:939][  0]LogModuleManager: Shutting down and abandoning module LocationServicesBPLibrary (232)
[2017.11.21-07.07.40:942][  0]LogModuleManager: Shutting down and abandoning module ImmediatePhysicsEditor (230)
[2017.11.21-07.07.40:942][  0]LogModuleManager: Shutting down and abandoning module ImmediatePhysics (228)
[2017.11.21-07.07.40:943][  0]LogModuleManager: Shutting down and abandoning module UdpMessaging (226)
[2017.11.21-07.07.40:944][  0]LogModuleManager: Shutting down and abandoning module TcpMessaging (224)
[2017.11.21-07.07.40:945][  0]LogModuleManager: Shutting down and abandoning module GameplayTagsEditor (222)
[2017.11.21-07.07.40:948][  0]LogModuleManager: Shutting down and abandoning module FacialAnimation (220)
[2017.11.21-07.07.40:949][  0]LogModuleManager: Shutting down and abandoning module AssetManagerEditor (218)
[2017.11.21-07.07.40:951][  0]LogModuleManager: Shutting down and abandoning module GraphEditor (217)
[2017.11.21-07.07.40:952][  0]LogModuleManager: Shutting down and abandoning module ContentBrowser (215)
[2017.11.21-07.07.40:952][  0]LogModuleManager: Shutting down and abandoning module WorkspaceMenuStructure (214)
[2017.11.21-07.07.40:953][  0]LogModuleManager: Shutting down and abandoning module CollectionManager (212)
[2017.11.21-07.07.40:954][  0]LogDirectoryWatcher: A directory notification for 'D:/Dev/UnrealCourse/Multiplayer/UnrealMultiplayerProject/PuzzlePlatforms/Content/Collections/' was aborted.
[2017.11.21-07.07.40:954][  0]LogDirectoryWatcher: A directory notification for 'D:/Dev/UnrealCourse/Multiplayer/UnrealMultiplayerProject/PuzzlePlatforms/Content/Developers/Nazthraak/Collections/' was aborted.
[2017.11.21-07.07.40:955][  0]LogDirectoryWatcher: A directory notification for 'D:/Dev/UnrealCourse/Multiplayer/UnrealMultiplayerProject/PuzzlePlatforms/Saved/Collections/' was aborted.
[2017.11.21-07.07.40:956][  0]LogModuleManager: Shutting down and abandoning module DirectoryWatcher (211)
[2017.11.21-07.07.40:961][  0]LogModuleManager: Shutting down and abandoning module LightPropagationVolumeRuntime (206)
[2017.11.21-07.07.40:961][  0]LogModuleManager: Shutting down and abandoning module Paper2D (204)
[2017.11.21-07.07.40:962][  0]LogModuleManager: Shutting down and abandoning module WindowsMoviePlayer (202)
[2017.11.21-07.07.40:963][  0]LogModuleManager: Shutting down and abandoning module WmfMedia (200)
[2017.11.21-07.07.40:965][  0]LogModuleManager: Shutting down and abandoning module PacketHandler (198)
[2017.11.21-07.07.40:965][  0]LogModuleManager: Shutting down and abandoning module ClothingSystemEditor (196)
[2017.11.21-07.07.40:968][  0]LogModuleManager: Shutting down and abandoning module ClothingSystemRuntime (194)
[2017.11.21-07.07.40:969][  0]LogModuleManager: Shutting down and abandoning module StringTableEditor (192)
[2017.11.21-07.07.40:972][  0]LogModuleManager: Shutting down and abandoning module GameplayTasksEditor (190)
[2017.11.21-07.07.40:973][  0]LogModuleManager: Shutting down and abandoning module BehaviorTreeEditor (188)
[2017.11.21-07.07.40:973][  0]LogModuleManager: Shutting down and abandoning module FunctionalTesting (186)
[2017.11.21-07.07.40:975][  0]LogModuleManager: Shutting down and abandoning module UMG (184)
[2017.11.21-07.07.40:976][  0]LogModuleManager: Shutting down and abandoning module UMGEditor (183)
[2017.11.21-07.07.40:977][  0]LogModuleManager: Shutting down and abandoning module Sequencer (182)
[2017.11.21-07.07.40:978][  0]LogModuleManager: Shutting down and abandoning module MessageLog (179)
[2017.11.21-07.07.40:980][  0]LogModuleManager: Shutting down and abandoning module EditorStyle (174)
[2017.11.21-07.07.40:987][  0]LogModuleManager: Shutting down and abandoning module SourceCodeAccess (172)
[2017.11.21-07.07.40:988][  0]LogModuleManager: Shutting down and abandoning module HeadMountedDisplay (170)
[2017.11.21-07.07.40:990][  0]LogModuleManager: Shutting down and abandoning module XAudio2 (168)
[2017.11.21-07.07.40:990][  0]LogModuleManager: Shutting down and abandoning module Networking (166)
[2017.11.21-07.07.40:991][  0]LogModuleManager: Shutting down and abandoning module Core (162)
[2017.11.21-07.07.40:992][  0]LogModuleManager: Shutting down and abandoning module KismetCompiler (160)
[2017.11.21-07.07.40:993][  0]LogModuleManager: Shutting down and abandoning module LevelSequence (158)
[2017.11.21-07.07.40:996][  0]LogModuleManager: Shutting down and abandoning module MeshUtilities (156)
[2017.11.21-07.07.40:999][  0]LogModuleManager: Shutting down and abandoning module MeshMergeUtilities (155)
[2017.11.21-07.07.41:002][  0]LogModuleManager: Shutting down and abandoning module MeshReductionInterface (154)
[2017.11.21-07.07.41:002][  0]LogModuleManager: Shutting down and abandoning module SimplygonSwarm (153)
[2017.11.21-07.07.41:003][  0]LogModuleManager: Shutting down and abandoning module SimplygonMeshReduction (151)
[2017.11.21-07.07.41:004][  0]LogModuleManager: Shutting down and abandoning module QuadricMeshReduction (149)
[2017.11.21-07.07.41:007][  0]LogModuleManager: Shutting down and abandoning module MaterialBaking (145)
[2017.11.21-07.07.41:008][  0]LogModuleManager: Shutting down and abandoning module TargetPlatform (142)
[2017.11.21-07.07.41:009][  0]LogModuleManager: Shutting down and abandoning module VulkanShaderFormat (141)
[2017.11.21-07.07.41:009][  0]LogModuleManager: Shutting down and abandoning module ShaderFormatVectorVM (139)
[2017.11.21-07.07.41:010][  0]LogModuleManager: Shutting down and abandoning module ShaderFormatOpenGL (137)
[2017.11.21-07.07.41:012][  0]LogModuleManager: Shutting down and abandoning module ShaderFormatD3D (135)
[2017.11.21-07.07.41:013][  0]LogModuleManager: Shutting down and abandoning module MetalShaderFormat (133)
[2017.11.21-07.07.41:013][  0]LogModuleManager: Shutting down and abandoning module TextureFormatUncompressed (131)
[2017.11.21-07.07.41:014][  0]LogModuleManager: Shutting down and abandoning module TextureFormatPVR (129)
[2017.11.21-07.07.41:016][  0]LogModuleManager: Shutting down and abandoning module TextureFormatDXT (127)
[2017.11.21-07.07.41:020][  0]LogModuleManager: Shutting down and abandoning module TextureFormatIntelISPCTexComp (125)
[2017.11.21-07.07.41:021][  0]LogModuleManager: Shutting down and abandoning module TextureFormatASTC (123)
[2017.11.21-07.07.41:022][  0]LogModuleManager: Shutting down and abandoning module ImageWrapper (122)
[2017.11.21-07.07.41:023][  0]LogModuleManager: Shutting down and abandoning module TextureFormatAndroid (119)
[2017.11.21-07.07.41:024][  0]LogModuleManager: Shutting down and abandoning module AudioFormatOpus (117)
[2017.11.21-07.07.41:025][  0]LogModuleManager: Shutting down and abandoning module AudioFormatOgg (115)
[2017.11.21-07.07.41:026][  0]LogModuleManager: Shutting down and abandoning module AudioFormatADPCM (113)
[2017.11.21-07.07.41:027][  0]LogModuleManager: Shutting down and abandoning module LinuxTargetPlatform (111)
[2017.11.21-07.07.41:028][  0]LogModuleManager: Shutting down and abandoning module LinuxServerTargetPlatform (109)
[2017.11.21-07.07.41:032][  0]LogModuleManager: Shutting down and abandoning module LinuxNoEditorTargetPlatform (107)
[2017.11.21-07.07.41:032][  0]LogModuleManager: Shutting down and abandoning module LinuxClientTargetPlatform (105)
[2017.11.21-07.07.41:035][  0]LogModuleManager: Shutting down and abandoning module TVOSTargetPlatform (103)
[2017.11.21-07.07.41:036][  0]LogModuleManager: Shutting down and abandoning module Messaging (101)
[2017.11.21-07.07.41:036][  0]LogModuleManager: Shutting down and abandoning module IOSTargetPlatform (99)
[2017.11.21-07.07.41:037][  0]LogModuleManager: Shutting down and abandoning module HTML5TargetPlatform (97)
[2017.11.21-07.07.41:038][  0]LogModuleManager: Shutting down and abandoning module Android_PVRTCTargetPlatform (95)
[2017.11.21-07.07.41:039][  0]LogModuleManager: Shutting down and abandoning module Android_MultiTargetPlatform (93)
[2017.11.21-07.07.41:042][  0]LogModuleManager: Shutting down and abandoning module Android_ETC2TargetPlatform (91)
[2017.11.21-07.07.41:043][  0]LogModuleManager: Shutting down and abandoning module Android_ETC1TargetPlatform (89)
[2017.11.21-07.07.41:046][  0]LogModuleManager: Shutting down and abandoning module Android_DXTTargetPlatform (87)
[2017.11.21-07.07.41:047][  0]LogModuleManager: Shutting down and abandoning module Android_ATCTargetPlatform (85)
[2017.11.21-07.07.41:048][  0]LogModuleManager: Shutting down and abandoning module Android_ASTCTargetPlatform (83)
[2017.11.21-07.07.41:053][  0]LogModuleManager: Shutting down and abandoning module AndroidTargetPlatform (81)
[2017.11.21-07.07.41:056][  0]LogModuleManager: Shutting down and abandoning module WindowsTargetPlatform (79)
[2017.11.21-07.07.41:057][  0]LogModuleManager: Shutting down and abandoning module WindowsServerTargetPlatform (77)
[2017.11.21-07.07.41:059][  0]LogModuleManager: Shutting down and abandoning module WindowsNoEditorTargetPlatform (75)
[2017.11.21-07.07.41:062][  0]LogModuleManager: Shutting down and abandoning module WindowsClientTargetPlatform (73)
[2017.11.21-07.07.41:063][  0]LogModuleManager: Shutting down and abandoning module MacTargetPlatform (71)
[2017.11.21-07.07.41:064][  0]LogModuleManager: Shutting down and abandoning module MacServerTargetPlatform (69)
[2017.11.21-07.07.41:069][  0]LogModuleManager: Shutting down and abandoning module MacNoEditorTargetPlatform (67)
[2017.11.21-07.07.41:070][  0]LogModuleManager: Shutting down and abandoning module MacClientTargetPlatform (65)
[2017.11.21-07.07.41:071][  0]LogModuleManager: Shutting down and abandoning module AllDesktopTargetPlatform (63)
[2017.11.21-07.07.41:072][  0]LogModuleManager: Shutting down and abandoning module DerivedDataCache (58)
[2017.11.21-07.07.41:262][  0]LogDerivedDataCache: Shutdown
[2017.11.21-07.07.41:262][  0]LogModuleManager: Shutting down and abandoning module NullDrv (56)
[2017.11.21-07.07.41:264][  0]LogModuleManager: Shutting down and abandoning module PhysXCooking (54)
[2017.11.21-07.07.41:265][  0]LogModuleManager: Shutting down and abandoning module SteamVR (52)
[2017.11.21-07.07.41:270][  0]LogModuleManager: Shutting down and abandoning module OculusHMD (50)
[2017.11.21-07.07.41:272][  0]LogModuleManager: Shutting down and abandoning module ExampleDeviceProfileSelector (48)
[2017.11.21-07.07.41:276][  0]LogModuleManager: Shutting down and abandoning module OnlineBlueprintSupport (46)
[2017.11.21-07.07.41:277][  0]LogModuleManager: Shutting down and abandoning module OnlineSubsystem (42)
[2017.11.21-07.07.41:278][  0]LogOnline: Display: Unloading online subsystem: NULL
[2017.11.21-07.07.41:279][  0]LogModuleManager: Shutting down and abandoning module XMPP (41)
[2017.11.21-07.07.41:281][  0]LogModuleManager: Shutting down and abandoning module HTTP (39)
[2017.11.21-07.07.41:289][  0]LogModuleManager: Shutting down and abandoning module SSL (38)
[2017.11.21-07.07.41:293][  0]LogModuleManager: Shutting down and abandoning module AnimationModifiers (34)
[2017.11.21-07.07.41:294][  0]LogModuleManager: Shutting down and abandoning module PropertyEditor (33)
[2017.11.21-07.07.41:296][  0]LogModuleManager: Shutting down and abandoning module AudioEditor (30)
[2017.11.21-07.07.41:302][  0]LogModuleManager: Shutting down and abandoning module TextureCompressor (28)
[2017.11.21-07.07.41:304][  0]LogModuleManager: Shutting down and abandoning module ShaderCore (26)
[2017.11.21-07.07.41:305][  0]LogModuleManager: Shutting down and abandoning module Landscape (24)
[2017.11.21-07.07.41:310][  0]LogModuleManager: Shutting down and abandoning module OpenGLDrv (22)
[2017.11.21-07.07.41:313][  0]LogModuleManager: Shutting down and abandoning module D3D11RHI (20)
[2017.11.21-07.07.41:318][  0]LogModuleManager: Shutting down and abandoning module AnimGraphRuntime (18)
[2017.11.21-07.07.41:320][  0]LogModuleManager: Shutting down and abandoning module Renderer (16)
[2017.11.21-07.07.41:321][  0]LogModuleManager: Shutting down and abandoning module Engine (14)
[2017.11.21-07.07.41:326][  0]LogModuleManager: Shutting down and abandoning module CoreUObject (12)
[2017.11.21-07.07.41:327][  0]LogModuleManager: Shutting down and abandoning module NetworkFile (10)
[2017.11.21-07.07.41:328][  0]LogModuleManager: Shutting down and abandoning module CookedIterativeFile (8)
[2017.11.21-07.07.41:329][  0]LogModuleManager: Shutting down and abandoning module StreamingFile (6)
[2017.11.21-07.07.41:332][  0]LogModuleManager: Shutting down and abandoning module SandboxFile (4)
[2017.11.21-07.07.41:336][  0]LogModuleManager: Shutting down and abandoning module PakFile (2)
[2017.11.21-07.07.41:343][  0]LogExit: Exiting.
[2017.11.21-07.07.41:376][  0]Log file closed, 11/21/17 02:07:41
