Log file open, 11/21/17 02:08:18
LogWindows: Failed to load 'aqProf.dll' (GetLastError=126)
LogWindows: File 'aqProf.dll' does not exist
LogWindows: Failed to load 'VtuneApi.dll' (GetLastError=126)
LogWindows: File 'VtuneApi.dll' does not exist
LogWindows: Failed to load 'VtuneApi32e.dll' (GetLastError=126)
LogWindows: File 'VtuneApi32e.dll' does not exist
LogInit: Display: Running engine for game: PuzzlePlatforms
LogPlatformFile: Not using cached read wrapper
LogInit: Display: RandInit(-1149257280) SRandInit(-1149257280).
LogTaskGraph: Started task graph with 5 named threads and 14 total threads with 3 sets of task threads.
LogStats: Stats thread started at 0.155732
LogD3D11RHI: Aftermath initialized
LogPluginManager: Mounting plugin Paper2D
LogPluginManager: Mounting plugin LightPropagationVolume
LogPluginManager: Mounting plugin CodeLiteSourceCodeAccess
LogPluginManager: Mounting plugin GitSourceControl
LogPluginManager: Mounting plugin KDevelopSourceCodeAccess
LogPluginManager: Mounting plugin NullSourceCodeAccess
LogPluginManager: Mounting plugin PerforceSourceControl
LogPluginManager: Mounting plugin SubversionSourceControl
LogPluginManager: Mounting plugin UObjectPlugin
LogPluginManager: Mounting plugin VisualStudioSourceCodeAccess
LogPluginManager: Mounting plugin XCodeSourceCodeAccess
LogPluginManager: Mounting plugin AssetManagerEditor
LogPluginManager: Mounting plugin AudioCapture
LogPluginManager: Mounting plugin FacialAnimation
LogPluginManager: Mounting plugin GameplayTagsEditor
LogPluginManager: Mounting plugin MobileLauncherProfileWizard
LogPluginManager: Mounting plugin PluginBrowser
LogPluginManager: Mounting plugin SpeedTreeImporter
LogPluginManager: Mounting plugin AlembicImporter
LogPluginManager: Mounting plugin CharacterAI
LogPluginManager: Mounting plugin HTML5Networking
LogPluginManager: Mounting plugin AndroidMedia
LogPluginManager: Mounting plugin AvfMedia
LogPluginManager: Mounting plugin MediaPlayerEditor
LogPluginManager: Mounting plugin WmfMedia
LogPluginManager: Mounting plugin TcpMessaging
LogPluginManager: Mounting plugin UdpMessaging
LogPluginManager: Mounting plugin LevelSequenceEditor
LogPluginManager: Mounting plugin MatineeToLevelSequence
LogPluginManager: Mounting plugin OnlineSubsystemGooglePlay
LogPluginManager: Mounting plugin OnlineSubsystemIOS
LogPluginManager: Mounting plugin OnlineSubsystem
LogPluginManager: Mounting plugin OnlineSubsystemNull
LogPluginManager: Mounting plugin OnlineSubsystemUtils
LogPluginManager: Mounting plugin AndroidDeviceProfileSelector
LogPluginManager: Mounting plugin AndroidMoviePlayer
LogPluginManager: Mounting plugin AndroidPermission
LogPluginManager: Mounting plugin AppleMoviePlayer
LogPluginManager: Mounting plugin ArchVisCharacter
LogPluginManager: Mounting plugin CableComponent
LogPluginManager: Mounting plugin CustomMeshComponent
LogPluginManager: Mounting plugin ExampleDeviceProfileSelector
LogPluginManager: Mounting plugin GoogleCloudMessaging
LogPluginManager: Mounting plugin ImmediatePhysics
LogPluginManager: Mounting plugin IOSDeviceProfileSelector
LogPluginManager: Mounting plugin LinuxDeviceProfileSelector
LogPluginManager: Mounting plugin LocationServicesBPLibrary
LogPluginManager: Mounting plugin MobilePatchingUtils
LogPluginManager: Mounting plugin OculusVR
LogPluginManager: Mounting plugin PhysXVehicles
LogPluginManager: Mounting plugin ProceduralMeshComponent
LogPluginManager: Mounting plugin RuntimePhysXCooking
LogPluginManager: Mounting plugin SteamVR
LogPluginManager: Mounting plugin WindowsMoviePlayer
LogInit: Using libcurl 7.47.1
LogInit:  - built for x86_64-pc-win32
LogInit:  - supports SSL with OpenSSL/1.0.2g
LogInit:  - supports HTTP deflate (compression) using libz 1.2.8
LogInit:  - other features:
LogInit:      CURL_VERSION_SSL
LogInit:      CURL_VERSION_LIBZ
LogInit:      CURL_VERSION_IPV6
LogInit:      CURL_VERSION_ASYNCHDNS
LogInit:      CURL_VERSION_LARGEFILE
LogInit:      CURL_VERSION_IDN
LogInit:  CurlRequestOptions (configurable via config and command line):
LogInit:  - bVerifyPeer = false  - Libcurl will NOT verify peer certificate
LogInit:  - bUseHttpProxy = false  - Libcurl will NOT use HTTP proxy
LogInit:  - bDontReuseConnections = false  - Libcurl will reuse connections
LogInit:  - CertBundlePath = nullptr  - Libcurl will use whatever was configured at build time.
LogInit: Build: ++UE4+Release-4.17-CL-3658906
LogInit: Engine Version: 4.17.2-3658906+++UE4+Release-4.17
LogInit: Compatible Engine Version: 4.17.0-3573198+++UE4+Release-4.17
LogInit: Net CL: 3573198
LogDevObjectVersion: Number of dev versions registered: 16
LogDevObjectVersion:   Dev-Blueprints (B0D832E4-1F89-4F0D-ACCF-7EB736FD4AA2): 10
LogDevObjectVersion:   Dev-Build (E1C64328-A22C-4D53-A36C-8E866417BD8C): 0
LogDevObjectVersion:   Dev-Core (375EC13C-06E4-48FB-B500-84F0262A717E): 2
LogDevObjectVersion:   Dev-Editor (E4B068ED-F494-42E9-A231-DA0B2E46BB41): 20
LogDevObjectVersion:   Dev-Framework (CFFC743F-43B0-4480-9391-14DF171D2073): 28
LogDevObjectVersion:   Dev-Mobile (B02B49B5-BB20-44E9-A304-32B752E40360): 0
LogDevObjectVersion:   Dev-Networking (A4E4105C-59A1-49B5-A7C5-40C4547EDFEE): 0
LogDevObjectVersion:   Dev-Online (39C831C9-5AE6-47DC-9A44-9C173E1C8E7C): 0
LogDevObjectVersion:   Dev-Physics (78F01B33-EBEA-4F98-B9B4-84EACCB95AA2): 0
LogDevObjectVersion:   Dev-Platform (6631380F-2D4D-43E0-8009-CF276956A95A): 0
LogDevObjectVersion:   Dev-Rendering (12F88B9F-8875-4AFC-A67C-D90C383ABD29): 19
LogDevObjectVersion:   Dev-Sequencer (7B5AE74C-D270-4C10-A958-57980B212A5A): 4
LogDevObjectVersion:   Dev-VR (D7296918-1DD6-4BDD-9DE2-64A83CC13884): 0
LogDevObjectVersion:   Dev-LoadTimes (C2A15278-BFE7-4AFE-6C17-90FF531DF755): 1
LogDevObjectVersion:   Private-Geometry (6EACA3D4-40EC-4CC1-B786-8BED09428FC5): 1
LogDevObjectVersion:   Dev-AnimPhys (29E575DD-E0A3-4627-9D10-D276232CDCEA): 7
LogInit: Compiled (64-bit): Sep 22 2017 13:47:16
LogInit: Compiled with Visual C++: 19.00.24215.01
LogInit: Build Configuration: Development
LogInit: Branch Name: ++UE4+Release-4.17
LogInit: Command line:  /Game/ThirdPersonBP/Maps/ThirdPersonExampleMap -server -log
LogInit: Base directory: E:/EpicGames/UE_4.17/Engine/Binaries/Win64/
LogInit: Installed Engine Build: 1
LogInit: Presizing for max 8388607 objects, including 0 objects not considered by GC, pre-allocating 0 bytes for permanent pool.
LogInit: Object subsystem initialized
[2017.11.21-07.08.18:920][  0]LogInit: Selected Device Profile: [Windows]
[2017.11.21-07.08.18:920][  0]LogInit: Applying CVar settings loaded from the selected device profile: [Windows]
[2017.11.21-07.08.18:931][  0]LogInit: Computer: FRANKENSTEIN-PC
[2017.11.21-07.08.18:932][  0]LogInit: User: Nazthraak
[2017.11.21-07.08.18:932][  0]LogInit: CPU Page size=4096, Cores=4
[2017.11.21-07.08.18:932][  0]LogInit: High frequency timer resolution =3.513584 MHz
[2017.11.21-07.08.18:933][  0]LogMemory: Memory total: Physical=15.9GB (16GB approx)
[2017.11.21-07.08.18:933][  0]LogMemory: Platform Memory Stats for Windows
[2017.11.21-07.08.18:933][  0]LogMemory: Process Physical Memory: 278.70 MB used, 278.70 MB peak
[2017.11.21-07.08.18:933][  0]LogMemory: Process Virtual Memory: 282.16 MB used, 282.16 MB peak
[2017.11.21-07.08.18:933][  0]LogMemory: Physical Memory: 7153.54 MB used,  9173.34 MB free, 16326.88 MB total
[2017.11.21-07.08.18:933][  0]LogMemory: Virtual Memory: 676.22 MB used,  9173.34 MB free, 134217728.00 MB total
[2017.11.21-07.08.19:015][  0]LogInit: Using OS detected language (en-US).
[2017.11.21-07.08.19:015][  0]LogInit: Using OS detected locale (en-US).
[2017.11.21-07.08.19:018][  0]LogTextLocalizationManager: No specific localization for 'en-US' exists, so the 'en' localization will be used.
[2017.11.21-07.08.19:383][  0]LogShaderCompilers: Guid format shader working directory is -23 characters bigger than the processId version (D:/Dev/UnrealCourse/Multiplayer/UnrealMultiplayerProject/PuzzlePlatforms/Intermediate/Shaders/WorkingDirectory/10196/).
[2017.11.21-07.08.19:383][  0]LogShaderCompilers: Cleaned the shader compiler working directory 'C:/Users/Nazthraak/AppData/Local/Temp/UnrealShaderWorkingDir/914FA1F64A5AF0C088C264A378B7BE3B/'.
[2017.11.21-07.08.19:384][  0]LogShaderCompilers: Display: Using Local Shader Compiler.
[2017.11.21-07.08.19:759][  0]LogDerivedDataCache: Display: Max Cache Size: 512 MB
[2017.11.21-07.08.19:809][  0]LogDerivedDataCache: Loaded boot cache 0.05s 91MB C:/Users/Nazthraak/AppData/Local/UnrealEngine/4.17/DerivedDataCache/Boot.ddc.
[2017.11.21-07.08.19:809][  0]LogDerivedDataCache: Display: Loaded Boot cache: C:/Users/Nazthraak/AppData/Local/UnrealEngine/4.17/DerivedDataCache/Boot.ddc
[2017.11.21-07.08.19:810][  0]LogDerivedDataCache: FDerivedDataBackendGraph:  Pak pak cache file D:/Dev/UnrealCourse/Multiplayer/UnrealMultiplayerProject/PuzzlePlatforms/DerivedDataCache/DDC.ddp not found, will not use a pak cache.
[2017.11.21-07.08.19:810][  0]LogDerivedDataCache: Unable to find inner node Pak for hierarchical cache Hierarchy.
[2017.11.21-07.08.19:811][  0]LogDerivedDataCache: FDerivedDataBackendGraph:  CompressedPak pak cache file D:/Dev/UnrealCourse/Multiplayer/UnrealMultiplayerProject/PuzzlePlatforms/DerivedDataCache/Compressed.ddp not found, will not use a pak cache.
[2017.11.21-07.08.19:811][  0]LogDerivedDataCache: Unable to find inner node CompressedPak for hierarchical cache Hierarchy.
[2017.11.21-07.08.19:825][  0]LogDerivedDataCache: Display: Pak cache opened for reading ../../../Engine/DerivedDataCache/Compressed.ddp.
[2017.11.21-07.08.19:837][  0]LogDerivedDataCache: Using Local data cache path C:/Users/Nazthraak/AppData/Local/UnrealEngine/Common/DerivedDataCache: Writable
[2017.11.21-07.08.20:010][  0]LogAssetRegistry: FAssetRegistry took 0.0049 seconds to start up
[2017.11.21-07.08.20:067][  0]LogPackageLocalizationCache: Processed 5 localized package path(s) for 2 prioritized culture(s) in 0.042219 seconds
[2017.11.21-07.08.20:305][  0]LogTemp: Display: Loaded TP AllDesktopTargetPlatform
[2017.11.21-07.08.20:335][  0]LogTemp: Display: Loaded TP MacClientTargetPlatform
[2017.11.21-07.08.20:366][  0]LogTemp: Display: Loaded TP MacNoEditorTargetPlatform
[2017.11.21-07.08.20:396][  0]LogTemp: Display: Loaded TP MacServerTargetPlatform
[2017.11.21-07.08.20:427][  0]LogTemp: Display: Loaded TP MacTargetPlatform
[2017.11.21-07.08.20:458][  0]LogTemp: Display: Loaded TP WindowsClientTargetPlatform
[2017.11.21-07.08.20:489][  0]LogTemp: Display: Loaded TP WindowsNoEditorTargetPlatform
[2017.11.21-07.08.20:519][  0]LogTemp: Display: Loaded TP WindowsServerTargetPlatform
[2017.11.21-07.08.20:569][  0]LogTemp: Display: Loaded TP WindowsTargetPlatform
[2017.11.21-07.08.20:604][  0]LogTemp: Display: Loaded TP AndroidTargetPlatform
[2017.11.21-07.08.20:633][  0]LogTemp: Display: Loaded TP Android_ASTCTargetPlatform
[2017.11.21-07.08.20:662][  0]LogTemp: Display: Loaded TP Android_ATCTargetPlatform
[2017.11.21-07.08.20:692][  0]LogTemp: Display: Loaded TP Android_DXTTargetPlatform
[2017.11.21-07.08.20:720][  0]LogTemp: Display: Loaded TP Android_ETC1TargetPlatform
[2017.11.21-07.08.20:750][  0]LogTemp: Display: Loaded TP Android_ETC2TargetPlatform
[2017.11.21-07.08.20:808][  0]LogTemp: Display: Loaded TP Android_MultiTargetPlatform
[2017.11.21-07.08.20:808][  0]LogTemp: Display: Loaded TP Android_PVRTCTargetPlatform
[2017.11.21-07.08.20:830][  0]LogTemp: Display: Loaded TP HTML5TargetPlatform
[2017.11.21-07.08.20:908][  0]LogTemp: Display: Loaded TP IOSTargetPlatform
[2017.11.21-07.08.20:930][  0]LogTemp: Display: Loaded TP TVOSTargetPlatform
[2017.11.21-07.08.20:962][  0]LogTemp: Display: Loaded TP LinuxClientTargetPlatform
[2017.11.21-07.08.20:991][  0]LogTemp: Display: Loaded TP LinuxNoEditorTargetPlatform
[2017.11.21-07.08.21:020][  0]LogTemp: Display: Loaded TP LinuxServerTargetPlatform
[2017.11.21-07.08.21:049][  0]LogTemp: Display: Loaded TP LinuxTargetPlatform
[2017.11.21-07.08.21:049][  0]LogTargetPlatformManager: Display: Building Assets For Windows
[2017.11.21-07.08.21:296][  0]LogInit: Selected Device Profile: [Windows]
[2017.11.21-07.08.21:464][  0]LogSimplygon: Simplygon DLL not present - disabling.
[2017.11.21-07.08.21:485][  0]LogMeshReduction: Using SimplygonSwarm for distributed automatic mesh merging
[2017.11.21-07.08.21:486][  0]LogMeshReduction: Using QuadricMeshReduction for automatic static mesh reduction
[2017.11.21-07.08.21:487][  0]LogMeshReduction: No automatic skeletal mesh reduction module available
[2017.11.21-07.08.21:487][  0]LogMeshReduction: No automatic mesh merging module available
[2017.11.21-07.08.21:487][  0]LogMeshMerging: No automatic mesh merging module available
[2017.11.21-07.08.21:586][  0]LogNetVersion: PuzzlePlatforms , NetCL: 3573198, EngineNetVer: 2, GameNetVer: 0 (Checksum: 3987055464)
[2017.11.21-07.08.21:679][  0]LogInit: WinSock: version 1.1 (2.2), MaxSocks=32767, MaxUdp=65467
[2017.11.21-07.08.22:166][  0]LogCollectionManager: Loaded 0 collections in 0.001081 seconds
[2017.11.21-07.08.22:210][  0]LogFileCache: Scanning file cache for directory 'D:/Dev/UnrealCourse/Multiplayer/UnrealMultiplayerProject/PuzzlePlatforms/Saved/Collections/' took 0.01s
[2017.11.21-07.08.22:210][  0]LogFileCache: Scanning file cache for directory 'D:/Dev/UnrealCourse/Multiplayer/UnrealMultiplayerProject/PuzzlePlatforms/Content/Developers/Nazthraak/Collections/' took 0.01s
[2017.11.21-07.08.22:211][  0]LogFileCache: Scanning file cache for directory 'D:/Dev/UnrealCourse/Multiplayer/UnrealMultiplayerProject/PuzzlePlatforms/Content/Collections/' took 0.01s
[2017.11.21-07.08.22:211][  0]LogCollectionManager: Rebuilt the object cache for 0 collections in 0.000001 seconds (found 0 objects)
[2017.11.21-07.08.22:212][  0]LogCollectionManager: Fixed up redirectors for 0 collections in 0.001286 seconds (updated 0 objects)
[2017.11.21-07.08.22:537][  0]SourceControl: Source control is disabled
[2017.11.21-07.08.22:538][  0]SourceControl: Source control is disabled
[2017.11.21-07.08.22:563][  0]SourceControl: Source control is disabled
[2017.11.21-07.08.22:699][  0]LogAndroidPermission: UAndroidPermissionCallbackProxy::GetInstance
[2017.11.21-07.08.22:828][  0]LogOcInput: OculusInput pre-init called
[2017.11.21-07.08.22:885][  0]LogUObjectArray: 37426 objects as part of root set at end of initial load.
[2017.11.21-07.08.22:885][  0]LogUObjectAllocator: 8011760 out of 0 bytes used by permanent object pool.
[2017.11.21-07.08.22:886][  0]LogUObjectArray: CloseDisregardForGC: 0/0 objects in disregard for GC pool
[2017.11.21-07.08.22:944][  0]LogEngine: Initializing Engine...
[2017.11.21-07.08.22:966][  0]LogStats: UGameplayTagsManager::ConstructGameplayTagTree: Construct from data asset -  0.000 s
[2017.11.21-07.08.22:966][  0]LogStats: UGameplayTagsManager::ConstructGameplayTagTree: GameplayTagTreeChangedEvent.Broadcast -  0.000 s
[2017.11.21-07.08.22:976][  0]LogDerivedDataCache: Saved boot cache 0.01s 5MB C:/Users/Nazthraak/AppData/Local/UnrealEngine/4.17/DerivedDataCache/Boot.ddc.
[2017.11.21-07.08.22:980][  0]LogInit: Texture streaming: Disabled
[2017.11.21-07.08.22:988][  0]LogMaterial: Uniform references updated for custom material expression Custom.
[2017.11.21-07.08.23:068][  0]LogSlateStyle: Warning: Unable to find Slate Widget Style 'NormalText'. Using FTextBlockStyle defaults instead.
[2017.11.21-07.08.23:068][  0]LogSlateStyle: Warning: Unable to find Slate Widget Style 'SpinBox'. Using FSpinBoxStyle defaults instead.
[2017.11.21-07.08.23:160][  0]LogInit: Display: Game Engine Initialized.
[2017.11.21-07.08.23:160][  0]LogGameplayTags: Display: UGameplayTagsManager::DoneAddingNativeTags. DelegateIsBound: 0
[2017.11.21-07.08.23:272][  0]LogInit: Display: Starting Game.
[2017.11.21-07.08.23:272][  0]LogNet: Browse: /Game/ThirdPersonBP/Maps/ThirdPersonExampleMap?Name=Player
[2017.11.21-07.08.23:273][  0]LogLoad: LoadMap: /Game/ThirdPersonBP/Maps/ThirdPersonExampleMap?Name=Player
[2017.11.21-07.08.23:295][  0]LogMemory: Platform Memory Stats for Windows
[2017.11.21-07.08.23:295][  0]LogMemory: Process Physical Memory: 636.14 MB used, 636.14 MB peak
[2017.11.21-07.08.23:296][  0]LogMemory: Process Virtual Memory: 601.33 MB used, 601.37 MB peak
[2017.11.21-07.08.23:296][  0]LogMemory: Physical Memory: 7464.15 MB used,  8862.73 MB free, 16326.88 MB total
[2017.11.21-07.08.23:296][  0]LogMemory: Virtual Memory: 1112.57 MB used,  8862.73 MB free, 134217728.00 MB total
[2017.11.21-07.08.23:297][  0]LogMemory: 
[2017.11.21-07.08.23:297][  0]Allocator Stats for TBB: (not implemented)
[2017.11.21-07.08.23:539][  0]LogAIModule: Creating AISystem for world ThirdPersonExampleMap
[2017.11.21-07.08.23:542][  0]LogLoad: Game class is 'ThirdPersonGameMode_C'
[2017.11.21-07.08.23:542][  0]LogTemp: Display: ParseSettings for GameNetDriver
[2017.11.21-07.08.23:542][  0]LogTemp: Display: ParseSettings for IpNetDriver_0
[2017.11.21-07.08.23:542][  0]LogTemp: Display: ParseSettings for GameNetDriver
[2017.11.21-07.08.23:543][  0]LogInit: WinSock: Socket queue 131072 / 131072
[2017.11.21-07.08.23:545][  0]LogInit: WinSock: I am Frankenstein-PC (192.168.0.173:0)
[2017.11.21-07.08.23:545][  0]PacketHandlerLog: Loaded PacketHandler component: Engine.EngineHandlerComponentFactory (StatelessConnectHandlerComponent)
[2017.11.21-07.08.23:546][  0]LogNet: GameNetDriver IpNetDriver_0 IpNetDriver listening on port 7778
[2017.11.21-07.08.23:548][  0]LogWorld: Bringing World /Game/ThirdPersonBP/Maps/ThirdPersonExampleMap.ThirdPersonExampleMap up for play (max tick rate 30) at 2017.11.21-02.08.23
[2017.11.21-07.08.23:549][  0]LogWorld: Bringing up level for play took: 0.002798
[2017.11.21-07.08.23:559][  0]LogLoad: Took 0.286011 seconds to LoadMap(/Game/ThirdPersonBP/Maps/ThirdPersonExampleMap)
[2017.11.21-07.08.23:639][  0]LogLoad: (Engine Initialization) Total time: 6.01 seconds
[2017.11.21-07.08.23:639][  0]LogLoad: (Engine Initialization) Total Blueprint compile time: 0.00 seconds
[2017.11.21-07.08.23:640][  0]LogExternalProfiler: Found external profiler: VSPerf
[2017.11.21-07.08.23:640][  0]LogExternalProfiler: Using external profiler: VSPerf
