Log file open, 11/21/17 02:12:47
LogWindows: Failed to load 'aqProf.dll' (GetLastError=126)
LogWindows: File 'aqProf.dll' does not exist
LogWindows: Failed to load 'VtuneApi.dll' (GetLastError=126)
LogWindows: File 'VtuneApi.dll' does not exist
LogWindows: Failed to load 'VtuneApi32e.dll' (GetLastError=126)
LogWindows: File 'VtuneApi32e.dll' does not exist
LogInit: Display: Running engine for game: PuzzlePlatforms
LogPlatformFile: Not using cached read wrapper
LogInit: Display: RandInit(-202040759) SRandInit(-202040759).
LogTaskGraph: Started task graph with 5 named threads and 14 total threads with 3 sets of task threads.
LogStats: Stats thread started at 0.156346
LogD3D11RHI: Aftermath initialized
LogPluginManager: Mounting plugin Paper2D
LogPluginManager: Mounting plugin LightPropagationVolume
LogPluginManager: Mounting plugin CodeLiteSourceCodeAccess
LogPluginManager: Mounting plugin GitSourceControl
LogPluginManager: Mounting plugin KDevelopSourceCodeAccess
LogPluginManager: Mounting plugin NullSourceCodeAccess
LogPluginManager: Mounting plugin PerforceSourceControl
LogPluginManager: Mounting plugin SubversionSourceControl
LogPluginManager: Mounting plugin UObjectPlugin
LogPluginManager: Mounting plugin VisualStudioSourceCodeAccess
LogPluginManager: Mounting plugin XCodeSourceCodeAccess
LogPluginManager: Mounting plugin AssetManagerEditor
LogPluginManager: Mounting plugin AudioCapture
LogPluginManager: Mounting plugin FacialAnimation
LogPluginManager: Mounting plugin GameplayTagsEditor
LogPluginManager: Mounting plugin MobileLauncherProfileWizard
LogPluginManager: Mounting plugin PluginBrowser
LogPluginManager: Mounting plugin SpeedTreeImporter
LogPluginManager: Mounting plugin AlembicImporter
LogPluginManager: Mounting plugin CharacterAI
LogPluginManager: Mounting plugin HTML5Networking
LogPluginManager: Mounting plugin AndroidMedia
LogPluginManager: Mounting plugin AvfMedia
LogPluginManager: Mounting plugin MediaPlayerEditor
LogPluginManager: Mounting plugin WmfMedia
LogPluginManager: Mounting plugin TcpMessaging
LogPluginManager: Mounting plugin UdpMessaging
LogPluginManager: Mounting plugin LevelSequenceEditor
LogPluginManager: Mounting plugin MatineeToLevelSequence
LogPluginManager: Mounting plugin OnlineSubsystemGooglePlay
LogPluginManager: Mounting plugin OnlineSubsystemIOS
LogPluginManager: Mounting plugin OnlineSubsystem
LogPluginManager: Mounting plugin OnlineSubsystemNull
LogPluginManager: Mounting plugin OnlineSubsystemUtils
LogPluginManager: Mounting plugin AndroidDeviceProfileSelector
LogPluginManager: Mounting plugin AndroidMoviePlayer
LogPluginManager: Mounting plugin AndroidPermission
LogPluginManager: Mounting plugin AppleMoviePlayer
LogPluginManager: Mounting plugin ArchVisCharacter
LogPluginManager: Mounting plugin CableComponent
LogPluginManager: Mounting plugin CustomMeshComponent
LogPluginManager: Mounting plugin ExampleDeviceProfileSelector
LogPluginManager: Mounting plugin GoogleCloudMessaging
LogPluginManager: Mounting plugin ImmediatePhysics
LogPluginManager: Mounting plugin IOSDeviceProfileSelector
LogPluginManager: Mounting plugin LinuxDeviceProfileSelector
LogPluginManager: Mounting plugin LocationServicesBPLibrary
LogPluginManager: Mounting plugin MobilePatchingUtils
LogPluginManager: Mounting plugin OculusVR
LogPluginManager: Mounting plugin PhysXVehicles
LogPluginManager: Mounting plugin ProceduralMeshComponent
LogPluginManager: Mounting plugin RuntimePhysXCooking
LogPluginManager: Mounting plugin SteamVR
LogPluginManager: Mounting plugin WindowsMoviePlayer
LogInit: Using libcurl 7.47.1
LogInit:  - built for x86_64-pc-win32
LogInit:  - supports SSL with OpenSSL/1.0.2g
LogInit:  - supports HTTP deflate (compression) using libz 1.2.8
LogInit:  - other features:
LogInit:      CURL_VERSION_SSL
LogInit:      CURL_VERSION_LIBZ
LogInit:      CURL_VERSION_IPV6
LogInit:      CURL_VERSION_ASYNCHDNS
LogInit:      CURL_VERSION_LARGEFILE
LogInit:      CURL_VERSION_IDN
LogInit:  CurlRequestOptions (configurable via config and command line):
LogInit:  - bVerifyPeer = false  - Libcurl will NOT verify peer certificate
LogInit:  - bUseHttpProxy = false  - Libcurl will NOT use HTTP proxy
LogInit:  - bDontReuseConnections = false  - Libcurl will reuse connections
LogInit:  - CertBundlePath = nullptr  - Libcurl will use whatever was configured at build time.
LogInit: Build: ++UE4+Release-4.17-CL-3658906
LogInit: Engine Version: 4.17.2-3658906+++UE4+Release-4.17
LogInit: Compatible Engine Version: 4.17.0-3573198+++UE4+Release-4.17
LogInit: Net CL: 3573198
LogDevObjectVersion: Number of dev versions registered: 16
LogDevObjectVersion:   Dev-Blueprints (B0D832E4-1F89-4F0D-ACCF-7EB736FD4AA2): 10
LogDevObjectVersion:   Dev-Build (E1C64328-A22C-4D53-A36C-8E866417BD8C): 0
LogDevObjectVersion:   Dev-Core (375EC13C-06E4-48FB-B500-84F0262A717E): 2
LogDevObjectVersion:   Dev-Editor (E4B068ED-F494-42E9-A231-DA0B2E46BB41): 20
LogDevObjectVersion:   Dev-Framework (CFFC743F-43B0-4480-9391-14DF171D2073): 28
LogDevObjectVersion:   Dev-Mobile (B02B49B5-BB20-44E9-A304-32B752E40360): 0
LogDevObjectVersion:   Dev-Networking (A4E4105C-59A1-49B5-A7C5-40C4547EDFEE): 0
LogDevObjectVersion:   Dev-Online (39C831C9-5AE6-47DC-9A44-9C173E1C8E7C): 0
LogDevObjectVersion:   Dev-Physics (78F01B33-EBEA-4F98-B9B4-84EACCB95AA2): 0
LogDevObjectVersion:   Dev-Platform (6631380F-2D4D-43E0-8009-CF276956A95A): 0
LogDevObjectVersion:   Dev-Rendering (12F88B9F-8875-4AFC-A67C-D90C383ABD29): 19
LogDevObjectVersion:   Dev-Sequencer (7B5AE74C-D270-4C10-A958-57980B212A5A): 4
LogDevObjectVersion:   Dev-VR (D7296918-1DD6-4BDD-9DE2-64A83CC13884): 0
LogDevObjectVersion:   Dev-LoadTimes (C2A15278-BFE7-4AFE-6C17-90FF531DF755): 1
LogDevObjectVersion:   Private-Geometry (6EACA3D4-40EC-4CC1-B786-8BED09428FC5): 1
LogDevObjectVersion:   Dev-AnimPhys (29E575DD-E0A3-4627-9D10-D276232CDCEA): 7
LogInit: Compiled (64-bit): Sep 22 2017 13:47:16
LogInit: Compiled with Visual C++: 19.00.24215.01
LogInit: Build Configuration: Development
LogInit: Branch Name: ++UE4+Release-4.17
LogInit: Command line:  192.168.0.173 -game -log
LogInit: Base directory: E:/EpicGames/UE_4.17/Engine/Binaries/Win64/
LogInit: Installed Engine Build: 1
LogInit: Presizing for max 8388607 objects, including 0 objects not considered by GC, pre-allocating 0 bytes for permanent pool.
LogInit: Object subsystem initialized
[2017.11.21-07.12.48:388][  0]LogInit: Selected Device Profile: [Windows]
[2017.11.21-07.12.48:388][  0]LogInit: Applying CVar settings loaded from the selected device profile: [Windows]
[2017.11.21-07.12.48:399][  0]LogInit: Computer: FRANKENSTEIN-PC
[2017.11.21-07.12.48:400][  0]LogInit: User: Nazthraak
[2017.11.21-07.12.48:400][  0]LogInit: CPU Page size=4096, Cores=4
[2017.11.21-07.12.48:400][  0]LogInit: High frequency timer resolution =3.513584 MHz
[2017.11.21-07.12.48:401][  0]LogMemory: Memory total: Physical=15.9GB (16GB approx)
[2017.11.21-07.12.48:401][  0]LogMemory: Platform Memory Stats for Windows
[2017.11.21-07.12.48:401][  0]LogMemory: Process Physical Memory: 278.86 MB used, 278.86 MB peak
[2017.11.21-07.12.48:401][  0]LogMemory: Process Virtual Memory: 282.24 MB used, 282.24 MB peak
[2017.11.21-07.12.48:402][  0]LogMemory: Physical Memory: 8033.17 MB used,  8293.71 MB free, 16326.88 MB total
[2017.11.21-07.12.48:402][  0]LogMemory: Virtual Memory: 677.05 MB used,  8293.71 MB free, 134217728.00 MB total
[2017.11.21-07.12.48:487][  0]LogInit: Using OS detected language (en-US).
[2017.11.21-07.12.48:487][  0]LogInit: Using OS detected locale (en-US).
[2017.11.21-07.12.48:490][  0]LogTextLocalizationManager: No specific localization for 'en-US' exists, so the 'en' localization will be used.
[2017.11.21-07.12.48:893][  0]LogD3D11RHI: D3D11 adapters:
[2017.11.21-07.12.48:929][  0]LogD3D11RHI:    0. 'NVIDIA GeForce GTX 1080 Ti' (Feature Level 11_0)
[2017.11.21-07.12.48:929][  0]LogD3D11RHI:       11132/0/8163 MB DedicatedVideo/DedicatedSystem/SharedSystem, Outputs:2, VendorId:0x10de
[2017.11.21-07.12.48:930][  0]LogD3D11RHI:    1. 'Microsoft Basic Render Driver' (Feature Level 11_0)
[2017.11.21-07.12.48:931][  0]LogD3D11RHI:       0/0/8163 MB DedicatedVideo/DedicatedSystem/SharedSystem, Outputs:0, VendorId:0x1414
[2017.11.21-07.12.48:931][  0]LogD3D11RHI: Chosen D3D11 Adapter: 0
[2017.11.21-07.12.48:938][  0]LogD3D11RHI: Creating new Direct3DDevice
[2017.11.21-07.12.48:938][  0]LogD3D11RHI:     GPU DeviceId: 0x1b06 (for the marketing name, search the web for "GPU Device Id")
[2017.11.21-07.12.48:939][  0]LogWindows: EnumDisplayDevices:
[2017.11.21-07.12.48:939][  0]LogWindows:    0. 'NVIDIA GeForce GTX 1080 Ti' (P:1 D:1)
[2017.11.21-07.12.48:939][  0]LogWindows:    1. 'NVIDIA GeForce GTX 1080 Ti' (P:0 D:1)
[2017.11.21-07.12.48:939][  0]LogWindows:    2. 'NVIDIA GeForce GTX 1080 Ti' (P:0 D:0)
[2017.11.21-07.12.48:940][  0]LogWindows:    3. 'NVIDIA GeForce GTX 1080 Ti' (P:0 D:0)
[2017.11.21-07.12.48:940][  0]LogWindows: DebugString: FoundDriverCount:4 
[2017.11.21-07.12.48:940][  0]LogD3D11RHI:     Adapter Name: NVIDIA GeForce GTX 1080 Ti
[2017.11.21-07.12.48:940][  0]LogD3D11RHI:   Driver Version: 388.31 (internal:23.21.13.8831, unified:388.31)
[2017.11.21-07.12.48:941][  0]LogD3D11RHI:      Driver Date: 11-14-2017
[2017.11.21-07.12.48:941][  0]LogRHI: Texture pool is 1361 MB (70% of 1945 MB)
[2017.11.21-07.12.48:964][  0]LogD3D11RHI: Async texture creation enabled
[2017.11.21-07.12.48:979][  0]LogD3D11RHI: GPU Timing Frequency: 1000.000000 (Debug: 2 2)
[2017.11.21-07.12.49:070][  0]LogShaderCompilers: Guid format shader working directory is -22 characters bigger than the processId version (D:/Dev/UnrealCourse/Multiplayer/UnrealMultiplayerProject/PuzzlePlatforms/Intermediate/Shaders/WorkingDirectory/7232/).
[2017.11.21-07.12.49:070][  0]LogShaderCompilers: Cleaned the shader compiler working directory 'C:/Users/Nazthraak/AppData/Local/Temp/UnrealShaderWorkingDir/4133E01549B2B56177660BB75633EEB5/'.
[2017.11.21-07.12.49:070][  0]LogShaderCompilers: Display: Using Local Shader Compiler.
[2017.11.21-07.12.49:775][  0]LogTemp: Display: Loaded TP WindowsClientTargetPlatform
[2017.11.21-07.12.49:807][  0]LogTemp: Display: Loaded TP WindowsNoEditorTargetPlatform
[2017.11.21-07.12.49:838][  0]LogTemp: Display: Loaded TP WindowsServerTargetPlatform
[2017.11.21-07.12.49:864][  0]LogTemp: Display: Loaded TP WindowsTargetPlatform
[2017.11.21-07.12.49:864][  0]LogTargetPlatformManager: Display: Building Assets For Windows
[2017.11.21-07.12.50:138][  0]LogDerivedDataCache: Display: Max Cache Size: 512 MB
[2017.11.21-07.12.50:228][  0]LogDerivedDataCache: Loaded boot cache 0.09s 91MB C:/Users/Nazthraak/AppData/Local/UnrealEngine/4.17/DerivedDataCache/Boot.ddc.
[2017.11.21-07.12.50:228][  0]LogDerivedDataCache: Display: Loaded Boot cache: C:/Users/Nazthraak/AppData/Local/UnrealEngine/4.17/DerivedDataCache/Boot.ddc
[2017.11.21-07.12.50:229][  0]LogDerivedDataCache: FDerivedDataBackendGraph:  Pak pak cache file D:/Dev/UnrealCourse/Multiplayer/UnrealMultiplayerProject/PuzzlePlatforms/DerivedDataCache/DDC.ddp not found, will not use a pak cache.
[2017.11.21-07.12.50:229][  0]LogDerivedDataCache: Unable to find inner node Pak for hierarchical cache Hierarchy.
[2017.11.21-07.12.50:230][  0]LogDerivedDataCache: FDerivedDataBackendGraph:  CompressedPak pak cache file D:/Dev/UnrealCourse/Multiplayer/UnrealMultiplayerProject/PuzzlePlatforms/DerivedDataCache/Compressed.ddp not found, will not use a pak cache.
[2017.11.21-07.12.50:230][  0]LogDerivedDataCache: Unable to find inner node CompressedPak for hierarchical cache Hierarchy.
[2017.11.21-07.12.50:244][  0]LogDerivedDataCache: Display: Pak cache opened for reading ../../../Engine/DerivedDataCache/Compressed.ddp.
[2017.11.21-07.12.50:256][  0]LogDerivedDataCache: Using Local data cache path C:/Users/Nazthraak/AppData/Local/UnrealEngine/Common/DerivedDataCache: Writable
[2017.11.21-07.12.50:265][  0]LogMaterial: Verifying Global Shaders for PCD3D_SM5
[2017.11.21-07.12.50:265][  0]LogSlate: Using Freetype 2.6.0
[2017.11.21-07.12.50:266][  0]LogSlate: SlateFontCache - WITH_FREETYPE: 1, WITH_HARFBUZZ: 1
[2017.11.21-07.12.50:266][  0]LogSlate: SlateFontCache - WITH_FREETYPE: 1, WITH_HARFBUZZ: 1
[2017.11.21-07.12.50:460][  0]LogAssetRegistry: FAssetRegistry took 0.0033 seconds to start up
[2017.11.21-07.12.50:541][  0]LogPackageLocalizationCache: Processed 5 localized package path(s) for 2 prioritized culture(s) in 0.066463 seconds
[2017.11.21-07.12.50:608][  0]LogInit: Selected Device Profile: [Windows]
[2017.11.21-07.12.50:700][  0]LogContentStreaming: Texture pool size is 1000.00 MB
[2017.11.21-07.12.50:889][  0]LogSimplygon: Simplygon DLL not present - disabling.
[2017.11.21-07.12.50:911][  0]LogMeshReduction: Using SimplygonSwarm for distributed automatic mesh merging
[2017.11.21-07.12.50:911][  0]LogMeshReduction: Using QuadricMeshReduction for automatic static mesh reduction
[2017.11.21-07.12.50:912][  0]LogMeshReduction: No automatic skeletal mesh reduction module available
[2017.11.21-07.12.50:912][  0]LogMeshReduction: No automatic mesh merging module available
[2017.11.21-07.12.50:913][  0]LogMeshMerging: No automatic mesh merging module available
[2017.11.21-07.12.51:162][  0]LogNetVersion: PuzzlePlatforms , NetCL: 3573198, EngineNetVer: 2, GameNetVer: 0 (Checksum: 3987055464)
[2017.11.21-07.12.51:275][  0]LogInit: WinSock: version 1.1 (2.2), MaxSocks=32767, MaxUdp=65467
[2017.11.21-07.12.51:987][  0]LogMoviePlayer: Initializing movie player
[2017.11.21-07.12.52:051][  0]LogWindowsTextInputMethodSystem: Display: IME system now deactivated.
[2017.11.21-07.12.52:228][  0]LogCollectionManager: Loaded 0 collections in 0.001150 seconds
[2017.11.21-07.12.52:272][  0]LogFileCache: Scanning file cache for directory 'D:/Dev/UnrealCourse/Multiplayer/UnrealMultiplayerProject/PuzzlePlatforms/Saved/Collections/' took 0.01s
[2017.11.21-07.12.52:272][  0]LogFileCache: Scanning file cache for directory 'D:/Dev/UnrealCourse/Multiplayer/UnrealMultiplayerProject/PuzzlePlatforms/Content/Developers/Nazthraak/Collections/' took 0.01s
[2017.11.21-07.12.52:273][  0]LogFileCache: Scanning file cache for directory 'D:/Dev/UnrealCourse/Multiplayer/UnrealMultiplayerProject/PuzzlePlatforms/Content/Collections/' took 0.01s
[2017.11.21-07.12.52:273][  0]LogCollectionManager: Rebuilt the object cache for 0 collections in 0.000001 seconds (found 0 objects)
[2017.11.21-07.12.52:274][  0]LogCollectionManager: Fixed up redirectors for 0 collections in 0.001265 seconds (updated 0 objects)
[2017.11.21-07.12.52:604][  0]SourceControl: Source control is disabled
[2017.11.21-07.12.52:605][  0]SourceControl: Source control is disabled
[2017.11.21-07.12.52:632][  0]SourceControl: Source control is disabled
[2017.11.21-07.12.52:779][  0]LogAndroidPermission: UAndroidPermissionCallbackProxy::GetInstance
[2017.11.21-07.12.52:913][  0]LogOcInput: OculusInput pre-init called
[2017.11.21-07.12.52:974][  0]LogUObjectArray: 38661 objects as part of root set at end of initial load.
[2017.11.21-07.12.52:974][  0]LogUObjectAllocator: 8461328 out of 0 bytes used by permanent object pool.
[2017.11.21-07.12.52:975][  0]LogUObjectArray: CloseDisregardForGC: 0/0 objects in disregard for GC pool
[2017.11.21-07.12.53:050][  0]LogEngine: Initializing Engine...
[2017.11.21-07.12.53:052][  0]LogHMD: Failed to initialize OpenVR with code 110
[2017.11.21-07.12.53:215][  0]LogStats: UGameplayTagsManager::ConstructGameplayTagTree: Construct from data asset -  0.000 s
[2017.11.21-07.12.53:215][  0]LogStats: UGameplayTagsManager::ConstructGameplayTagTree: GameplayTagTreeChangedEvent.Broadcast -  0.000 s
[2017.11.21-07.12.53:236][  0]LogInit: XAudio2 using 'Speakers (2- SteelSeries Siberia 350)' : 2 channels at 48 kHz using 16 bits per sample (channel mask 0x3)
[2017.11.21-07.12.53:250][  0]LogInit: FAudioDevice initialized.
[2017.11.21-07.12.53:348][  0]LogDerivedDataCache: Saved boot cache 0.09s 91MB C:/Users/Nazthraak/AppData/Local/UnrealEngine/4.17/DerivedDataCache/Boot.ddc.
[2017.11.21-07.12.53:362][  0]LogInit: Texture streaming: Enabled
[2017.11.21-07.12.53:376][  0]LogMaterial: Uniform references updated for custom material expression Custom.
[2017.11.21-07.12.53:541][  0]LogSlateStyle: Warning: Unable to find Slate Widget Style 'NormalText'. Using FTextBlockStyle defaults instead.
[2017.11.21-07.12.53:541][  0]LogSlateStyle: Warning: Unable to find Slate Widget Style 'SpinBox'. Using FSpinBoxStyle defaults instead.
[2017.11.21-07.12.53:673][  0]LogInit: Display: Game Engine Initialized.
[2017.11.21-07.12.53:674][  0]LogGameplayTags: Display: UGameplayTagsManager::DoneAddingNativeTags. DelegateIsBound: 0
[2017.11.21-07.12.53:777][  0]LogInit: Display: Starting Game.
[2017.11.21-07.12.53:777][  0]LogNet: Browse: 192.168.0.173//Game/ThirdPersonBP/Maps/ThirdPersonExampleMap?Name=Player
[2017.11.21-07.12.53:778][  0]LogTemp: Display: ParseSettings for GameNetDriver
[2017.11.21-07.12.53:778][  0]LogTemp: Display: ParseSettings for IpNetDriver_0
[2017.11.21-07.12.53:779][  0]LogTemp: Display: ParseSettings for PendingNetDriver
[2017.11.21-07.12.53:779][  0]LogInit: WinSock: Socket queue 32768 / 32768
[2017.11.21-07.12.53:781][  0]LogInit: WinSock: I am Frankenstein-PC (192.168.0.173:0)
[2017.11.21-07.12.53:782][  0]PacketHandlerLog: Loaded PacketHandler component: Engine.EngineHandlerComponentFactory (StatelessConnectHandlerComponent)
[2017.11.21-07.12.53:782][  0]LogNet: Game client on port 7777, rate 10000
[2017.11.21-07.12.53:782][  0]LogLoad: Error: Failed to enter /Game/ThirdPersonBP/Maps/ThirdPersonExampleMap: . Please check the log for errors.
[2017.11.21-07.12.53:782][  0]LogNet: Browse: /Game/ThirdPersonBP/Maps/ThirdPersonExampleMap?Name=Player
[2017.11.21-07.12.53:783][  0]LogLoad: LoadMap: /Game/ThirdPersonBP/Maps/ThirdPersonExampleMap?Name=Player
[2017.11.21-07.12.53:801][  0]LogMemory: Platform Memory Stats for Windows
[2017.11.21-07.12.53:801][  0]LogMemory: Process Physical Memory: 825.58 MB used, 936.63 MB peak
[2017.11.21-07.12.53:802][  0]LogMemory: Process Virtual Memory: 960.80 MB used, 1022.39 MB peak
[2017.11.21-07.12.53:802][  0]LogMemory: Physical Memory: 8600.20 MB used,  7726.68 MB free, 16326.88 MB total
[2017.11.21-07.12.53:802][  0]LogMemory: Virtual Memory: 1628.20 MB used,  7726.68 MB free, 134217728.00 MB total
[2017.11.21-07.12.53:803][  0]LogMemory: 
[2017.11.21-07.12.53:803][  0]Allocator Stats for TBB: (not implemented)
[2017.11.21-07.12.54:071][  0]LogAIModule: Creating AISystem for world ThirdPersonExampleMap
[2017.11.21-07.12.54:074][  0]LogLoad: Game class is 'ThirdPersonGameMode_C'
[2017.11.21-07.12.54:078][  0]LogWorld: Bringing World /Game/ThirdPersonBP/Maps/ThirdPersonExampleMap.ThirdPersonExampleMap up for play (max tick rate 0) at 2017.11.21-02.12.54
[2017.11.21-07.12.54:078][  0]LogWorld: Bringing up level for play took: 0.003919
[2017.11.21-07.12.54:088][  0]LogLoad: Took 0.305454 seconds to LoadMap(/Game/ThirdPersonBP/Maps/ThirdPersonExampleMap)
[2017.11.21-07.12.54:240][  0]LogRenderer: Reallocating scene render targets to support 2560x1440 Format 10 NumSamples 1 (Frame:1).
[2017.11.21-07.12.54:240][  0]LogLoad: (Engine Initialization) Total time: 7.02 seconds
[2017.11.21-07.12.54:241][  0]LogLoad: (Engine Initialization) Total Blueprint compile time: 0.00 seconds
[2017.11.21-07.12.54:241][  0]LogExternalProfiler: Found external profiler: VSPerf
[2017.11.21-07.12.54:241][  0]LogExternalProfiler: Using external profiler: VSPerf
[2017.11.21-07.12.54:259][  0]LogHandshake: SendChallengeResponse. Timestamp: 85.904793, Cookie: 148249239244112162112186173062084132113228231065075240027152
[2017.11.21-07.12.54:292][  2]LogNetVersion: PuzzlePlatforms 1.0.0.0, NetCL: 3573198, EngineNetVer: 2, GameNetVer: 0 (Checksum: 3024838196)
[2017.11.21-07.12.54:292][  2]LogNet: UPendingNetGame::SendInitialJoin: Sending hello. [UNetConnection] RemoteAddr: 192.168.0.173:7777, Name: IpConnection_0, Driver: PendingNetDriver IpNetDriver_0, IsServer: NO, PC: NULL, Owner: NULL
[2017.11.21-07.12.54:357][  6]LogNet: Welcomed by server (Level: /Game/ThirdPersonBP/Maps/ThirdPersonExampleMap, Game: /Game/ThirdPersonBP/Blueprints/ThirdPersonGameMode.ThirdPersonGameMode_C)
[2017.11.21-07.12.54:357][  6]LogLoad: LoadMap: 192.168.0.173//Game/ThirdPersonBP/Maps/ThirdPersonExampleMap?Name=Player?game=/Game/ThirdPersonBP/Blueprints/ThirdPersonGameMode.ThirdPersonGameMode_C
[2017.11.21-07.12.54:385][  6]LogMemory: Platform Memory Stats for Windows
[2017.11.21-07.12.54:385][  6]LogMemory: Process Physical Memory: 885.15 MB used, 936.63 MB peak
[2017.11.21-07.12.54:385][  6]LogMemory: Process Virtual Memory: 1698.97 MB used, 1719.22 MB peak
[2017.11.21-07.12.54:386][  6]LogMemory: Physical Memory: 8641.23 MB used,  7685.64 MB free, 16326.88 MB total
[2017.11.21-07.12.54:386][  6]LogMemory: Virtual Memory: 2367.23 MB used,  7685.64 MB free, 134217728.00 MB total
[2017.11.21-07.12.54:387][  6]LogMemory: 
[2017.11.21-07.12.54:387][  6]Allocator Stats for TBB: (not implemented)
[2017.11.21-07.12.54:582][  6]LogAIModule: Creating AISystem for world ThirdPersonExampleMap
[2017.11.21-07.12.54:582][  6]LogTemp: Display: ParseSettings for GameNetDriver
[2017.11.21-07.12.54:585][  6]LogWorld: Bringing World /Game/ThirdPersonBP/Maps/ThirdPersonExampleMap.ThirdPersonExampleMap up for play (max tick rate 0) at 2017.11.21-02.12.54
[2017.11.21-07.12.54:586][  6]LogWorld: Bringing up level for play took: 0.002427
[2017.11.21-07.12.54:586][  6]LogLoad: Took 0.229093 seconds to LoadMap(/Game/ThirdPersonBP/Maps/ThirdPersonExampleMap)
[2017.11.21-07.15.38:588][170]LogWindowsTextInputMethodSystem: Display: IME system now deactivated.
[2017.11.21-07.15.38:596][170]LogEngine: All Windows Closed
[2017.11.21-07.15.38:596][170]LogWindows: FPlatformMisc::RequestExit(0)
[2017.11.21-07.15.38:606][171]LogNet: World NetDriver shutdown IpNetDriver_0 [GameNetDriver]
[2017.11.21-07.15.38:606][171]LogNet: DestroyNamedNetDriver IpNetDriver_0 [GameNetDriver]
[2017.11.21-07.15.38:609][171]LogNet: UNetConnection::Close: [UNetConnection] RemoteAddr: 192.168.0.173:7777, Name: IpConnection_0, Driver: GameNetDriver IpNetDriver_0, IsServer: NO, PC: PlayerController_1, Owner: PlayerController_1, Channels: 12, Time: 2017.11.21-07.15.38
[2017.11.21-07.15.38:614][171]LogNet: UChannel::Close: Sending CloseBunch. ChIndex == 0. Name: [UChannel] ChIndex: 0, Closing: 0 [UNetConnection] RemoteAddr: 192.168.0.173:7777, Name: IpConnection_0, Driver: GameNetDriver IpNetDriver_0, IsServer: NO, PC: PlayerController_1, Owner: PlayerController_1
[2017.11.21-07.15.38:615][171]LogExit: GameNetDriver IpNetDriver_0 shut down
[2017.11.21-07.15.39:132][171]LogExit: Preparing to exit.
[2017.11.21-07.15.39:132][171]LogMoviePlayer: Shutting down movie player
[2017.11.21-07.15.39:257][171]LogExit: Game engine shut down
[2017.11.21-07.15.39:311][171]LogExit: Object subsystem successfully closed.
[2017.11.21-07.15.39:323][171]LogD3D11RHI: Shutdown
[2017.11.21-07.15.39:323][171]LogD3D11RHI: CleanupD3DDevice
[2017.11.21-07.15.39:325][171]LogD3D11RHI: ~FD3D11DynamicRHI
[2017.11.21-07.15.39:328][171]LogModuleManager: Shutting down and abandoning module SequenceRecorderSections (304)
[2017.11.21-07.15.39:328][171]LogModuleManager: Shutting down and abandoning module SequenceRecorder (302)
[2017.11.21-07.15.39:328][171]LogModuleManager: Shutting down and abandoning module AutomationController (300)
[2017.11.21-07.15.39:329][171]LogModuleManager: Shutting down and abandoning module AutomationWorker (298)
[2017.11.21-07.15.39:329][171]LogModuleManager: Shutting down and abandoning module AIModule (296)
[2017.11.21-07.15.39:330][171]LogModuleManager: Shutting down and abandoning module GameplayDebugger (295)
[2017.11.21-07.15.39:330][171]LogModuleManager: Shutting down and abandoning module AITestSuite (293)
[2017.11.21-07.15.39:330][171]LogModuleManager: Shutting down and abandoning module WmfMediaFactory (290)
[2017.11.21-07.15.39:331][171]LogModuleManager: Shutting down and abandoning module AvfMediaFactory (288)
[2017.11.21-07.15.39:331][171]LogModuleManager: Shutting down and abandoning module AndroidMediaFactory (286)
[2017.11.21-07.15.39:331][171]LogModuleManager: Shutting down and abandoning module Media (285)
[2017.11.21-07.15.39:331][171]LogModuleManager: Shutting down and abandoning module CharacterAI (282)
[2017.11.21-07.15.39:332][171]LogModuleManager: Shutting down and abandoning module SessionServices (280)
[2017.11.21-07.15.39:332][171]LogModuleManager: Shutting down and abandoning module MovieSceneCapture (278)
[2017.11.21-07.15.39:332][171]LogModuleManager: Shutting down and abandoning module MovieSceneTracks (276)
[2017.11.21-07.15.39:332][171]LogModuleManager: Shutting down and abandoning module MovieScene (274)
[2017.11.21-07.15.39:332][171]LogModuleManager: Shutting down and abandoning module GeometryCache (272)
[2017.11.21-07.15.39:333][171]LogModuleManager: Shutting down and abandoning module GeometryCacheEd (271)
[2017.11.21-07.15.39:333][171]LogModuleManager: Shutting down and abandoning module Niagara (268)
[2017.11.21-07.15.39:333][171]LogModuleManager: Shutting down and abandoning module NiagaraEditor (267)
[2017.11.21-07.15.39:333][171]LogModuleManager: Shutting down and abandoning module StreamingPauseRendering (264)
[2017.11.21-07.15.39:333][171]LogModuleManager: Shutting down and abandoning module PortalServices (262)
[2017.11.21-07.15.39:333][171]LogModuleManager: Shutting down and abandoning module PortalRpc (260)
[2017.11.21-07.15.39:334][171]LogModuleManager: Shutting down and abandoning module MessagingRpc (258)
[2017.11.21-07.15.39:334][171]LogModuleManager: Shutting down and abandoning module ProfilerService (256)
[2017.11.21-07.15.39:535][171]LogModuleManager: Shutting down and abandoning module TaskGraph (254)
[2017.11.21-07.15.39:535][171]LogModuleManager: Shutting down and abandoning module SteamVRController (252)
[2017.11.21-07.15.39:536][171]LogModuleManager: Shutting down and abandoning module ProceduralMeshComponent (250)
[2017.11.21-07.15.39:536][171]LogModuleManager: Shutting down and abandoning module OculusInput (248)
[2017.11.21-07.15.39:536][171]LogModuleManager: Shutting down and abandoning module MobilePatchingUtils (246)
[2017.11.21-07.15.39:536][171]LogModuleManager: Shutting down and abandoning module CustomMeshComponent (244)
[2017.11.21-07.15.39:537][171]LogModuleManager: Shutting down and abandoning module CableComponent (242)
[2017.11.21-07.15.39:537][171]LogModuleManager: Shutting down and abandoning module ArchVisCharacter (240)
[2017.11.21-07.15.39:537][171]LogModuleManager: Shutting down and abandoning module AndroidPermission (238)
[2017.11.21-07.15.39:537][171]LogModuleManager: Shutting down and abandoning module HTML5Networking (234)
[2017.11.21-07.15.39:537][171]LogModuleManager: Shutting down and abandoning module VisualStudioSourceCodeAccess (232)
[2017.11.21-07.15.39:538][171]LogModuleManager: Shutting down and abandoning module DesktopPlatform (231)
[2017.11.21-07.15.39:538][171]LogModuleManager: Shutting down and abandoning module HotReload (229)
[2017.11.21-07.15.39:539][171]LogModuleManager: Shutting down and abandoning module UObjectPlugin (226)
[2017.11.21-07.15.39:539][171]LogModuleManager: Shutting down and abandoning module SubversionSourceControl (224)
[2017.11.21-07.15.39:539][171]LogModuleManager: Shutting down and abandoning module PerforceSourceControl (222)
[2017.11.21-07.15.39:539][171]LogModuleManager: Shutting down and abandoning module SourceControl (221)
[2017.11.21-07.15.39:539][171]LogModuleManager: Shutting down and abandoning module RuntimePhysXCooking (218)
[2017.11.21-07.15.39:540][171]LogModuleManager: Shutting down and abandoning module PhysXVehiclesEditor (216)
[2017.11.21-07.15.39:540][171]LogModuleManager: Shutting down and abandoning module PhysXVehicles (214)
[2017.11.21-07.15.39:540][171]LogModuleManager: Shutting down and abandoning module LocationServicesBPLibrary (212)
[2017.11.21-07.15.39:540][171]LogModuleManager: Shutting down and abandoning module ImmediatePhysicsEditor (210)
[2017.11.21-07.15.39:540][171]LogModuleManager: Shutting down and abandoning module ImmediatePhysics (208)
[2017.11.21-07.15.39:541][171]LogModuleManager: Shutting down and abandoning module UdpMessaging (206)
[2017.11.21-07.15.39:541][171]LogModuleManager: Shutting down and abandoning module TcpMessaging (204)
[2017.11.21-07.15.39:541][171]LogModuleManager: Shutting down and abandoning module GameplayTagsEditor (202)
[2017.11.21-07.15.39:541][171]LogModuleManager: Shutting down and abandoning module FacialAnimation (200)
[2017.11.21-07.15.39:541][171]LogModuleManager: Shutting down and abandoning module AssetManagerEditor (198)
[2017.11.21-07.15.39:542][171]LogModuleManager: Shutting down and abandoning module GraphEditor (197)
[2017.11.21-07.15.39:542][171]LogModuleManager: Shutting down and abandoning module ContentBrowser (195)
[2017.11.21-07.15.39:542][171]LogModuleManager: Shutting down and abandoning module CollectionManager (194)
[2017.11.21-07.15.39:542][171]LogDirectoryWatcher: A directory notification for 'D:/Dev/UnrealCourse/Multiplayer/UnrealMultiplayerProject/PuzzlePlatforms/Content/Collections/' was aborted.
[2017.11.21-07.15.39:542][171]LogDirectoryWatcher: A directory notification for 'D:/Dev/UnrealCourse/Multiplayer/UnrealMultiplayerProject/PuzzlePlatforms/Content/Developers/Nazthraak/Collections/' was aborted.
[2017.11.21-07.15.39:542][171]LogDirectoryWatcher: A directory notification for 'D:/Dev/UnrealCourse/Multiplayer/UnrealMultiplayerProject/PuzzlePlatforms/Saved/Collections/' was aborted.
[2017.11.21-07.15.39:542][171]LogModuleManager: Shutting down and abandoning module DirectoryWatcher (193)
[2017.11.21-07.15.39:543][171]LogModuleManager: Shutting down and abandoning module LightPropagationVolumeRuntime (188)
[2017.11.21-07.15.39:543][171]LogModuleManager: Shutting down and abandoning module Paper2D (186)
[2017.11.21-07.15.39:543][171]LogModuleManager: Shutting down and abandoning module WindowsMoviePlayer (184)
[2017.11.21-07.15.39:543][171]LogModuleManager: Shutting down and abandoning module WmfMedia (182)
[2017.11.21-07.15.39:543][171]LogModuleManager: Shutting down and abandoning module PacketHandler (180)
[2017.11.21-07.15.39:543][171]LogModuleManager: Shutting down and abandoning module ClothingSystemEditor (178)
[2017.11.21-07.15.39:544][171]LogModuleManager: Shutting down and abandoning module ClothingSystemRuntime (176)
[2017.11.21-07.15.39:545][171]LogModuleManager: Shutting down and abandoning module Overlay (174)
[2017.11.21-07.15.39:545][171]LogModuleManager: Shutting down and abandoning module OverlayEditor (173)
[2017.11.21-07.15.39:545][171]LogModuleManager: Shutting down and abandoning module MediaAssets (170)
[2017.11.21-07.15.39:545][171]LogModuleManager: Shutting down and abandoning module VREditor (168)
[2017.11.21-07.15.39:546][171]LogModuleManager: Shutting down and abandoning module StringTableEditor (166)
[2017.11.21-07.15.39:546][171]LogModuleManager: Shutting down and abandoning module GameplayTasksEditor (164)
[2017.11.21-07.15.39:546][171]LogModuleManager: Shutting down and abandoning module BehaviorTreeEditor (162)
[2017.11.21-07.15.39:546][171]LogModuleManager: Shutting down and abandoning module FunctionalTesting (160)
[2017.11.21-07.15.39:546][171]LogModuleManager: Shutting down and abandoning module CollisionAnalyzer (158)
[2017.11.21-07.15.39:547][171]LogModuleManager: Shutting down and abandoning module WorkspaceMenuStructure (157)
[2017.11.21-07.15.39:547][171]LogModuleManager: Shutting down and abandoning module UMG (154)
[2017.11.21-07.15.39:547][171]LogModuleManager: Shutting down and abandoning module UMGEditor (153)
[2017.11.21-07.15.39:547][171]LogModuleManager: Shutting down and abandoning module Sequencer (152)
[2017.11.21-07.15.39:547][171]LogModuleManager: Shutting down and abandoning module MessageLog (149)
[2017.11.21-07.15.39:547][171]LogModuleManager: Shutting down and abandoning module SlateReflector (144)
[2017.11.21-07.15.39:548][171]LogModuleManager: Shutting down and abandoning module Slate (142)
[2017.11.21-07.15.39:548][171]LogModuleManager: Shutting down and abandoning module EditorStyle (140)
[2017.11.21-07.15.39:549][171]LogModuleManager: Shutting down and abandoning module MRMesh (138)
[2017.11.21-07.15.39:549][171]LogModuleManager: Shutting down and abandoning module Messaging (136)
[2017.11.21-07.15.39:549][171]LogModuleManager: Shutting down and abandoning module SourceCodeAccess (134)
[2017.11.21-07.15.39:549][171]LogModuleManager: Shutting down and abandoning module HeadMountedDisplay (132)
[2017.11.21-07.15.39:549][171]LogModuleManager: Shutting down and abandoning module XAudio2 (130)
[2017.11.21-07.15.39:550][171]LogModuleManager: Shutting down and abandoning module Networking (128)
[2017.11.21-07.15.39:550][171]LogModuleManager: Shutting down and abandoning module Core (124)
[2017.11.21-07.15.39:550][171]LogModuleManager: Shutting down and abandoning module KismetCompiler (122)
[2017.11.21-07.15.39:550][171]LogModuleManager: Shutting down and abandoning module LevelSequence (120)
[2017.11.21-07.15.39:550][171]LogModuleManager: Shutting down and abandoning module MeshUtilities (118)
[2017.11.21-07.15.39:551][171]LogModuleManager: Shutting down and abandoning module MeshMergeUtilities (117)
[2017.11.21-07.15.39:551][171]LogModuleManager: Shutting down and abandoning module MeshReductionInterface (116)
[2017.11.21-07.15.39:551][171]LogModuleManager: Shutting down and abandoning module SimplygonSwarm (115)
[2017.11.21-07.15.39:551][171]LogModuleManager: Shutting down and abandoning module SimplygonMeshReduction (113)
[2017.11.21-07.15.39:551][171]LogModuleManager: Shutting down and abandoning module QuadricMeshReduction (111)
[2017.11.21-07.15.39:552][171]LogModuleManager: Shutting down and abandoning module MaterialBaking (107)
[2017.11.21-07.15.39:552][171]LogModuleManager: Shutting down and abandoning module DerivedDataCache (102)
[2017.11.21-07.15.39:596][171]LogDerivedDataCache: Shutdown
[2017.11.21-07.15.39:597][171]LogModuleManager: Shutting down and abandoning module TargetPlatform (100)
[2017.11.21-07.15.39:597][171]LogModuleManager: Shutting down and abandoning module VulkanShaderFormat (99)
[2017.11.21-07.15.39:597][171]LogModuleManager: Shutting down and abandoning module ShaderFormatVectorVM (97)
[2017.11.21-07.15.39:598][171]LogModuleManager: Shutting down and abandoning module ShaderFormatOpenGL (95)
[2017.11.21-07.15.39:598][171]LogModuleManager: Shutting down and abandoning module ShaderFormatD3D (93)
[2017.11.21-07.15.39:598][171]LogModuleManager: Shutting down and abandoning module MetalShaderFormat (91)
[2017.11.21-07.15.39:598][171]LogModuleManager: Shutting down and abandoning module TextureFormatUncompressed (89)
[2017.11.21-07.15.39:598][171]LogModuleManager: Shutting down and abandoning module TextureFormatPVR (87)
[2017.11.21-07.15.39:599][171]LogModuleManager: Shutting down and abandoning module TextureFormatDXT (85)
[2017.11.21-07.15.39:599][171]LogModuleManager: Shutting down and abandoning module TextureFormatIntelISPCTexComp (83)
[2017.11.21-07.15.39:599][171]LogModuleManager: Shutting down and abandoning module TextureFormatASTC (81)
[2017.11.21-07.15.39:599][171]LogModuleManager: Shutting down and abandoning module ImageWrapper (80)
[2017.11.21-07.15.39:600][171]LogModuleManager: Shutting down and abandoning module TextureFormatAndroid (77)
[2017.11.21-07.15.39:600][171]LogModuleManager: Shutting down and abandoning module AudioFormatOpus (75)
[2017.11.21-07.15.39:600][171]LogModuleManager: Shutting down and abandoning module AudioFormatOgg (73)
[2017.11.21-07.15.39:600][171]LogModuleManager: Shutting down and abandoning module AudioFormatADPCM (71)
[2017.11.21-07.15.39:600][171]LogModuleManager: Shutting down and abandoning module WindowsTargetPlatform (69)
[2017.11.21-07.15.39:601][171]LogModuleManager: Shutting down and abandoning module WindowsServerTargetPlatform (67)
[2017.11.21-07.15.39:601][171]LogModuleManager: Shutting down and abandoning module WindowsNoEditorTargetPlatform (65)
[2017.11.21-07.15.39:601][171]LogModuleManager: Shutting down and abandoning module WindowsClientTargetPlatform (63)
[2017.11.21-07.15.39:601][171]LogModuleManager: Shutting down and abandoning module InputCore (60)
[2017.11.21-07.15.39:601][171]LogModuleManager: Shutting down and abandoning module Settings (58)
[2017.11.21-07.15.39:601][171]LogModuleManager: Shutting down and abandoning module PhysXCooking (56)
[2017.11.21-07.15.39:602][171]LogModuleManager: Shutting down and abandoning module SteamVR (54)
[2017.11.21-07.15.39:602][171]LogModuleManager: Shutting down and abandoning module OculusHMD (52)
[2017.11.21-07.15.39:602][171]LogModuleManager: Shutting down and abandoning module ExampleDeviceProfileSelector (50)
[2017.11.21-07.15.39:602][171]LogModuleManager: Shutting down and abandoning module OnlineBlueprintSupport (48)
[2017.11.21-07.15.39:602][171]LogModuleManager: Shutting down and abandoning module OnlineSubsystem (44)
[2017.11.21-07.15.39:602][171]LogOnline: Display: Unloading online subsystem: NULL
[2017.11.21-07.15.39:603][171]LogModuleManager: Shutting down and abandoning module XMPP (43)
[2017.11.21-07.15.39:603][171]LogModuleManager: Shutting down and abandoning module HTTP (41)
[2017.11.21-07.15.39:613][171]LogModuleManager: Shutting down and abandoning module SSL (40)
[2017.11.21-07.15.39:615][171]LogModuleManager: Shutting down and abandoning module AnimationModifiers (36)
[2017.11.21-07.15.39:615][171]LogModuleManager: Shutting down and abandoning module PropertyEditor (35)
[2017.11.21-07.15.39:616][171]LogModuleManager: Shutting down and abandoning module AudioEditor (32)
[2017.11.21-07.15.39:616][171]LogModuleManager: Shutting down and abandoning module TextureCompressor (30)
[2017.11.21-07.15.39:616][171]LogModuleManager: Shutting down and abandoning module ShaderCore (28)
[2017.11.21-07.15.39:616][171]LogModuleManager: Shutting down and abandoning module Landscape (26)
[2017.11.21-07.15.39:616][171]LogModuleManager: Shutting down and abandoning module SlateRHIRenderer (24)
[2017.11.21-07.15.39:617][171]LogModuleManager: Shutting down and abandoning module OpenGLDrv (22)
[2017.11.21-07.15.39:617][171]LogModuleManager: Shutting down and abandoning module D3D11RHI (20)
[2017.11.21-07.15.39:617][171]LogModuleManager: Shutting down and abandoning module AnimGraphRuntime (18)
[2017.11.21-07.15.39:617][171]LogModuleManager: Shutting down and abandoning module Renderer (16)
[2017.11.21-07.15.39:617][171]LogModuleManager: Shutting down and abandoning module Engine (14)
[2017.11.21-07.15.39:618][171]LogModuleManager: Shutting down and abandoning module CoreUObject (12)
[2017.11.21-07.15.39:618][171]LogModuleManager: Shutting down and abandoning module NetworkFile (10)
[2017.11.21-07.15.39:618][171]LogModuleManager: Shutting down and abandoning module CookedIterativeFile (8)
[2017.11.21-07.15.39:618][171]LogModuleManager: Shutting down and abandoning module StreamingFile (6)
[2017.11.21-07.15.39:619][171]LogModuleManager: Shutting down and abandoning module SandboxFile (4)
[2017.11.21-07.15.39:619][171]LogModuleManager: Shutting down and abandoning module PakFile (2)
[2017.11.21-07.15.39:621][171]LogExit: Exiting.
[2017.11.21-07.15.39:622][171]Log file closed, 11/21/17 02:15:39
