Log file open, 11/21/17 01:22:21
LogWindows: Failed to load 'aqProf.dll' (GetLastError=126)
LogWindows: File 'aqProf.dll' does not exist
LogWindows: Failed to load 'VtuneApi.dll' (GetLastError=126)
LogWindows: File 'VtuneApi.dll' does not exist
LogWindows: Failed to load 'VtuneApi32e.dll' (GetLastError=126)
LogWindows: File 'VtuneApi32e.dll' does not exist
LogInit: Display: Running engine for game: PuzzlePlatforms
LogPlatformFile: Not using cached read wrapper
LogInit: Display: RandInit(2048673034) SRandInit(2048673034).
LogTaskGraph: Started task graph with 5 named threads and 14 total threads with 3 sets of task threads.
LogStats: Stats thread started at 0.160634
LogD3D11RHI: Aftermath initialized
LogPluginManager: Mounting plugin Paper2D
LogPluginManager: Mounting plugin LightPropagationVolume
LogPluginManager: Mounting plugin CodeLiteSourceCodeAccess
LogPluginManager: Mounting plugin GitSourceControl
LogPluginManager: Mounting plugin KDevelopSourceCodeAccess
LogPluginManager: Mounting plugin NullSourceCodeAccess
LogPluginManager: Mounting plugin PerforceSourceControl
LogPluginManager: Mounting plugin SubversionSourceControl
LogPluginManager: Mounting plugin UObjectPlugin
LogPluginManager: Mounting plugin VisualStudioSourceCodeAccess
LogPluginManager: Mounting plugin XCodeSourceCodeAccess
LogPluginManager: Mounting plugin AssetManagerEditor
LogPluginManager: Mounting plugin AudioCapture
LogPluginManager: Mounting plugin FacialAnimation
LogPluginManager: Mounting plugin GameplayTagsEditor
LogPluginManager: Mounting plugin MobileLauncherProfileWizard
LogPluginManager: Mounting plugin PluginBrowser
LogPluginManager: Mounting plugin SpeedTreeImporter
LogPluginManager: Mounting plugin AlembicImporter
LogPluginManager: Mounting plugin CharacterAI
LogPluginManager: Mounting plugin HTML5Networking
LogPluginManager: Mounting plugin AndroidMedia
LogPluginManager: Mounting plugin AvfMedia
LogPluginManager: Mounting plugin MediaPlayerEditor
LogPluginManager: Mounting plugin WmfMedia
LogPluginManager: Mounting plugin TcpMessaging
LogPluginManager: Mounting plugin UdpMessaging
LogPluginManager: Mounting plugin LevelSequenceEditor
LogPluginManager: Mounting plugin MatineeToLevelSequence
LogPluginManager: Mounting plugin OnlineSubsystemGooglePlay
LogPluginManager: Mounting plugin OnlineSubsystemIOS
LogPluginManager: Mounting plugin OnlineSubsystem
LogPluginManager: Mounting plugin OnlineSubsystemNull
LogPluginManager: Mounting plugin OnlineSubsystemUtils
LogPluginManager: Mounting plugin AndroidDeviceProfileSelector
LogPluginManager: Mounting plugin AndroidMoviePlayer
LogPluginManager: Mounting plugin AndroidPermission
LogPluginManager: Mounting plugin AppleMoviePlayer
LogPluginManager: Mounting plugin ArchVisCharacter
LogPluginManager: Mounting plugin CableComponent
LogPluginManager: Mounting plugin CustomMeshComponent
LogPluginManager: Mounting plugin ExampleDeviceProfileSelector
LogPluginManager: Mounting plugin GoogleCloudMessaging
LogPluginManager: Mounting plugin ImmediatePhysics
LogPluginManager: Mounting plugin IOSDeviceProfileSelector
LogPluginManager: Mounting plugin LinuxDeviceProfileSelector
LogPluginManager: Mounting plugin LocationServicesBPLibrary
LogPluginManager: Mounting plugin MobilePatchingUtils
LogPluginManager: Mounting plugin OculusVR
LogPluginManager: Mounting plugin PhysXVehicles
LogPluginManager: Mounting plugin ProceduralMeshComponent
LogPluginManager: Mounting plugin RuntimePhysXCooking
LogPluginManager: Mounting plugin SteamVR
LogPluginManager: Mounting plugin WindowsMoviePlayer
LogInit: Using libcurl 7.47.1
LogInit:  - built for x86_64-pc-win32
LogInit:  - supports SSL with OpenSSL/1.0.2g
LogInit:  - supports HTTP deflate (compression) using libz 1.2.8
LogInit:  - other features:
LogInit:      CURL_VERSION_SSL
LogInit:      CURL_VERSION_LIBZ
LogInit:      CURL_VERSION_IPV6
LogInit:      CURL_VERSION_ASYNCHDNS
LogInit:      CURL_VERSION_LARGEFILE
LogInit:      CURL_VERSION_IDN
LogInit:  CurlRequestOptions (configurable via config and command line):
LogInit:  - bVerifyPeer = false  - Libcurl will NOT verify peer certificate
LogInit:  - bUseHttpProxy = false  - Libcurl will NOT use HTTP proxy
LogInit:  - bDontReuseConnections = false  - Libcurl will reuse connections
LogInit:  - CertBundlePath = nullptr  - Libcurl will use whatever was configured at build time.
LogInit: Build: ++UE4+Release-4.17-CL-3658906
LogInit: Engine Version: 4.17.2-3658906+++UE4+Release-4.17
LogInit: Compatible Engine Version: 4.17.0-3573198+++UE4+Release-4.17
LogInit: Net CL: 3573198
LogDevObjectVersion: Number of dev versions registered: 16
LogDevObjectVersion:   Dev-Blueprints (B0D832E4-1F89-4F0D-ACCF-7EB736FD4AA2): 10
LogDevObjectVersion:   Dev-Build (E1C64328-A22C-4D53-A36C-8E866417BD8C): 0
LogDevObjectVersion:   Dev-Core (375EC13C-06E4-48FB-B500-84F0262A717E): 2
LogDevObjectVersion:   Dev-Editor (E4B068ED-F494-42E9-A231-DA0B2E46BB41): 20
LogDevObjectVersion:   Dev-Framework (CFFC743F-43B0-4480-9391-14DF171D2073): 28
LogDevObjectVersion:   Dev-Mobile (B02B49B5-BB20-44E9-A304-32B752E40360): 0
LogDevObjectVersion:   Dev-Networking (A4E4105C-59A1-49B5-A7C5-40C4547EDFEE): 0
LogDevObjectVersion:   Dev-Online (39C831C9-5AE6-47DC-9A44-9C173E1C8E7C): 0
LogDevObjectVersion:   Dev-Physics (78F01B33-EBEA-4F98-B9B4-84EACCB95AA2): 0
LogDevObjectVersion:   Dev-Platform (6631380F-2D4D-43E0-8009-CF276956A95A): 0
LogDevObjectVersion:   Dev-Rendering (12F88B9F-8875-4AFC-A67C-D90C383ABD29): 19
LogDevObjectVersion:   Dev-Sequencer (7B5AE74C-D270-4C10-A958-57980B212A5A): 4
LogDevObjectVersion:   Dev-VR (D7296918-1DD6-4BDD-9DE2-64A83CC13884): 0
LogDevObjectVersion:   Dev-LoadTimes (C2A15278-BFE7-4AFE-6C17-90FF531DF755): 1
LogDevObjectVersion:   Private-Geometry (6EACA3D4-40EC-4CC1-B786-8BED09428FC5): 1
LogDevObjectVersion:   Dev-AnimPhys (29E575DD-E0A3-4627-9D10-D276232CDCEA): 7
LogInit: Compiled (64-bit): Sep 22 2017 13:47:16
LogInit: Compiled with Visual C++: 19.00.24215.01
LogInit: Build Configuration: Development
LogInit: Branch Name: ++UE4+Release-4.17
LogInit: Command line: -EpicPortal 
LogInit: Base directory: E:/EpicGames/UE_4.17/Engine/Binaries/Win64/
LogInit: Installed Engine Build: 1
LogInit: Presizing for max 8388607 objects, including 0 objects not considered by GC, pre-allocating 0 bytes for permanent pool.
LogInit: Object subsystem initialized
[2017.11.21-06.22.21:778][  0]LogInit: Selected Device Profile: [Windows]
[2017.11.21-06.22.21:778][  0]LogInit: Applying CVar settings loaded from the selected device profile: [Windows]
[2017.11.21-06.22.21:787][  0]LogInit: Computer: FRANKENSTEIN-PC
[2017.11.21-06.22.21:787][  0]LogInit: User: Nazthraak
[2017.11.21-06.22.21:787][  0]LogInit: CPU Page size=4096, Cores=4
[2017.11.21-06.22.21:787][  0]LogInit: High frequency timer resolution =3.513584 MHz
[2017.11.21-06.22.21:787][  0]LogMemory: Memory total: Physical=15.9GB (16GB approx)
[2017.11.21-06.22.21:787][  0]LogMemory: Platform Memory Stats for Windows
[2017.11.21-06.22.21:787][  0]LogMemory: Process Physical Memory: 278.20 MB used, 278.20 MB peak
[2017.11.21-06.22.21:787][  0]LogMemory: Process Virtual Memory: 274.17 MB used, 274.17 MB peak
[2017.11.21-06.22.21:787][  0]LogMemory: Physical Memory: 6575.56 MB used,  9751.32 MB free, 16326.88 MB total
[2017.11.21-06.22.21:787][  0]LogMemory: Virtual Memory: 669.05 MB used,  9751.32 MB free, 134217728.00 MB total
[2017.11.21-06.22.21:871][  0]LogInit: Using OS detected language (en-US).
[2017.11.21-06.22.21:871][  0]LogInit: Using OS detected locale (en-US).
[2017.11.21-06.22.21:873][  0]LogTextLocalizationManager: No specific localization for 'en-US' exists, so the 'en' localization will be used.
[2017.11.21-06.22.22:416][  0]LogD3D11RHI: D3D11 adapters:
[2017.11.21-06.22.22:447][  0]LogD3D11RHI:    0. 'NVIDIA GeForce GTX 1080 Ti' (Feature Level 11_0)
[2017.11.21-06.22.22:447][  0]LogD3D11RHI:       11132/0/8163 MB DedicatedVideo/DedicatedSystem/SharedSystem, Outputs:2, VendorId:0x10de
[2017.11.21-06.22.22:448][  0]LogD3D11RHI:    1. 'Microsoft Basic Render Driver' (Feature Level 11_0)
[2017.11.21-06.22.22:448][  0]LogD3D11RHI:       0/0/8163 MB DedicatedVideo/DedicatedSystem/SharedSystem, Outputs:0, VendorId:0x1414
[2017.11.21-06.22.22:448][  0]LogD3D11RHI: Chosen D3D11 Adapter: 0
[2017.11.21-06.22.22:454][  0]LogD3D11RHI: Creating new Direct3DDevice
[2017.11.21-06.22.22:454][  0]LogD3D11RHI:     GPU DeviceId: 0x1b06 (for the marketing name, search the web for "GPU Device Id")
[2017.11.21-06.22.22:454][  0]LogWindows: EnumDisplayDevices:
[2017.11.21-06.22.22:454][  0]LogWindows:    0. 'NVIDIA GeForce GTX 1080 Ti' (P:1 D:1)
[2017.11.21-06.22.22:454][  0]LogWindows:    1. 'NVIDIA GeForce GTX 1080 Ti' (P:0 D:1)
[2017.11.21-06.22.22:455][  0]LogWindows:    2. 'NVIDIA GeForce GTX 1080 Ti' (P:0 D:0)
[2017.11.21-06.22.22:455][  0]LogWindows:    3. 'NVIDIA GeForce GTX 1080 Ti' (P:0 D:0)
[2017.11.21-06.22.22:455][  0]LogWindows: DebugString: FoundDriverCount:4 
[2017.11.21-06.22.22:455][  0]LogD3D11RHI:     Adapter Name: NVIDIA GeForce GTX 1080 Ti
[2017.11.21-06.22.22:455][  0]LogD3D11RHI:   Driver Version: 388.31 (internal:23.21.13.8831, unified:388.31)
[2017.11.21-06.22.22:455][  0]LogD3D11RHI:      Driver Date: 11-14-2017
[2017.11.21-06.22.22:455][  0]LogRHI: Texture pool is 1361 MB (70% of 1945 MB)
[2017.11.21-06.22.22:475][  0]LogD3D11RHI: Async texture creation enabled
[2017.11.21-06.22.22:484][  0]LogD3D11RHI: GPU Timing Frequency: 1000.000000 (Debug: 2 1)
[2017.11.21-06.22.22:574][  0]LogShaderCompilers: Guid format shader working directory is -23 characters bigger than the processId version (D:/Dev/UnrealCourse/Multiplayer/UnrealMultiplayerProject/PuzzlePlatforms/Intermediate/Shaders/WorkingDirectory/14476/).
[2017.11.21-06.22.22:574][  0]LogShaderCompilers: Cleaned the shader compiler working directory 'C:/Users/Nazthraak/AppData/Local/Temp/UnrealShaderWorkingDir/4FAEBAC540F796065371B9BA423DFAFF/'.
[2017.11.21-06.22.22:574][  0]LogShaderCompilers: Display: Using Local Shader Compiler.
[2017.11.21-06.22.23:299][  0]LogTemp: Display: Loaded TP AllDesktopTargetPlatform
[2017.11.21-06.22.23:329][  0]LogTemp: Display: Loaded TP MacClientTargetPlatform
[2017.11.21-06.22.23:359][  0]LogTemp: Display: Loaded TP MacNoEditorTargetPlatform
[2017.11.21-06.22.23:390][  0]LogTemp: Display: Loaded TP MacServerTargetPlatform
[2017.11.21-06.22.23:420][  0]LogTemp: Display: Loaded TP MacTargetPlatform
[2017.11.21-06.22.23:450][  0]LogTemp: Display: Loaded TP WindowsClientTargetPlatform
[2017.11.21-06.22.23:479][  0]LogTemp: Display: Loaded TP WindowsNoEditorTargetPlatform
[2017.11.21-06.22.23:509][  0]LogTemp: Display: Loaded TP WindowsServerTargetPlatform
[2017.11.21-06.22.23:534][  0]LogTemp: Display: Loaded TP WindowsTargetPlatform
[2017.11.21-06.22.23:564][  0]LogTemp: Display: Loaded TP AndroidTargetPlatform
[2017.11.21-06.22.23:594][  0]LogTemp: Display: Loaded TP Android_ASTCTargetPlatform
[2017.11.21-06.22.23:624][  0]LogTemp: Display: Loaded TP Android_ATCTargetPlatform
[2017.11.21-06.22.23:656][  0]LogTemp: Display: Loaded TP Android_DXTTargetPlatform
[2017.11.21-06.22.23:690][  0]LogTemp: Display: Loaded TP Android_ETC1TargetPlatform
[2017.11.21-06.22.23:720][  0]LogTemp: Display: Loaded TP Android_ETC2TargetPlatform
[2017.11.21-06.22.23:778][  0]LogTemp: Display: Loaded TP Android_MultiTargetPlatform
[2017.11.21-06.22.23:778][  0]LogTemp: Display: Loaded TP Android_PVRTCTargetPlatform
[2017.11.21-06.22.23:799][  0]LogTemp: Display: Loaded TP HTML5TargetPlatform
[2017.11.21-06.22.23:865][  0]LogTemp: Display: Loaded TP IOSTargetPlatform
[2017.11.21-06.22.23:885][  0]LogTemp: Display: Loaded TP TVOSTargetPlatform
[2017.11.21-06.22.23:916][  0]LogTemp: Display: Loaded TP LinuxClientTargetPlatform
[2017.11.21-06.22.23:946][  0]LogTemp: Display: Loaded TP LinuxNoEditorTargetPlatform
[2017.11.21-06.22.23:975][  0]LogTemp: Display: Loaded TP LinuxServerTargetPlatform
[2017.11.21-06.22.24:006][  0]LogTemp: Display: Loaded TP LinuxTargetPlatform
[2017.11.21-06.22.24:006][  0]LogTargetPlatformManager: Display: Building Assets For Windows
[2017.11.21-06.22.24:284][  0]LogDerivedDataCache: Display: Max Cache Size: 512 MB
[2017.11.21-06.22.24:371][  0]LogDerivedDataCache: Loaded boot cache 0.09s 93MB C:/Users/Nazthraak/AppData/Local/UnrealEngine/4.17/DerivedDataCache/Boot.ddc.
[2017.11.21-06.22.24:371][  0]LogDerivedDataCache: Display: Loaded Boot cache: C:/Users/Nazthraak/AppData/Local/UnrealEngine/4.17/DerivedDataCache/Boot.ddc
[2017.11.21-06.22.24:371][  0]LogDerivedDataCache: FDerivedDataBackendGraph:  Pak pak cache file D:/Dev/UnrealCourse/Multiplayer/UnrealMultiplayerProject/PuzzlePlatforms/DerivedDataCache/DDC.ddp not found, will not use a pak cache.
[2017.11.21-06.22.24:371][  0]LogDerivedDataCache: Unable to find inner node Pak for hierarchical cache Hierarchy.
[2017.11.21-06.22.24:371][  0]LogDerivedDataCache: FDerivedDataBackendGraph:  CompressedPak pak cache file D:/Dev/UnrealCourse/Multiplayer/UnrealMultiplayerProject/PuzzlePlatforms/DerivedDataCache/Compressed.ddp not found, will not use a pak cache.
[2017.11.21-06.22.24:372][  0]LogDerivedDataCache: Unable to find inner node CompressedPak for hierarchical cache Hierarchy.
[2017.11.21-06.22.24:385][  0]LogDerivedDataCache: Display: Pak cache opened for reading ../../../Engine/DerivedDataCache/Compressed.ddp.
[2017.11.21-06.22.24:397][  0]LogDerivedDataCache: Using Local data cache path C:/Users/Nazthraak/AppData/Local/UnrealEngine/Common/DerivedDataCache: Writable
[2017.11.21-06.22.24:405][  0]LogMaterial: Verifying Global Shaders for PCD3D_SM5
[2017.11.21-06.22.24:406][  0]LogSlate: Using Freetype 2.6.0
[2017.11.21-06.22.24:406][  0]LogSlate: SlateFontCache - WITH_FREETYPE: 1, WITH_HARFBUZZ: 1
[2017.11.21-06.22.24:406][  0]LogSlate: SlateFontCache - WITH_FREETYPE: 1, WITH_HARFBUZZ: 1
[2017.11.21-06.22.24:622][  0]LogAssetRegistry: FAssetRegistry took 0.0246 seconds to start up
[2017.11.21-06.22.24:716][  0]LogInit: Selected Device Profile: [Windows]
[2017.11.21-06.22.24:953][  0]LogSimplygon: Simplygon DLL not present - disabling.
[2017.11.21-06.22.24:977][  0]LogMeshReduction: Using SimplygonSwarm for distributed automatic mesh merging
[2017.11.21-06.22.24:977][  0]LogMeshReduction: Using QuadricMeshReduction for automatic static mesh reduction
[2017.11.21-06.22.24:977][  0]LogMeshReduction: No automatic skeletal mesh reduction module available
[2017.11.21-06.22.24:977][  0]LogMeshReduction: No automatic mesh merging module available
[2017.11.21-06.22.24:977][  0]LogMeshMerging: No automatic mesh merging module available
[2017.11.21-06.22.24:978][  0]LogContentStreaming: Texture pool size is 0.00 MB
[2017.11.21-06.22.25:331][  0]LogNetVersion: PuzzlePlatforms , NetCL: 3573198, EngineNetVer: 2, GameNetVer: 0 (Checksum: 3987055464)
[2017.11.21-06.22.25:486][  0]LogPackageLocalizationCache: Processed 5 localized package path(s) for 2 prioritized culture(s) in 0.040567 seconds
[2017.11.21-06.22.25:491][  0]LogUObjectArray: 35825 objects as part of root set at end of initial load.
[2017.11.21-06.22.25:492][  0]LogUObjectAllocator: 7529104 out of 0 bytes used by permanent object pool.
[2017.11.21-06.22.25:492][  0]LogUObjectArray: CloseDisregardForGC: 0/0 objects in disregard for GC pool
[2017.11.21-06.22.25:531][  0]LogInit: WinSock: version 1.1 (2.2), MaxSocks=32767, MaxUdp=65467
[2017.11.21-06.22.27:306][  0]LogTcpMessaging: Initializing TcpMessaging bridge
[2017.11.21-06.22.27:340][  0]LogUdpMessaging: Initializing bridge on interface 0.0.0.0:0 to multicast group 230.0.0.1:6666.
[2017.11.21-06.22.27:739][  0]LogMaterial: Uniform references updated for custom material expression Custom.
[2017.11.21-06.22.27:986][  0]SourceControl: Source control is disabled
[2017.11.21-06.22.27:986][  0]SourceControl: Source control is disabled
[2017.11.21-06.22.28:012][  0]SourceControl: Source control is disabled
[2017.11.21-06.22.28:039][  0]SourceControl: Source control is disabled
[2017.11.21-06.22.28:356][  0]LogAndroidPermission: UAndroidPermissionCallbackProxy::GetInstance
[2017.11.21-06.22.28:488][  0]LogOcInput: OculusInput pre-init called
[2017.11.21-06.22.28:642][  0]LogEngine: Initializing Engine...
[2017.11.21-06.22.28:644][  0]LogHMD: Failed to initialize OpenVR with code 110
[2017.11.21-06.22.28:832][  0]LogStats: UGameplayTagsManager::ConstructGameplayTagTree: Construct from data asset -  0.000 s
[2017.11.21-06.22.28:832][  0]LogStats: UGameplayTagsManager::ConstructGameplayTagTree: GameplayTagTreeChangedEvent.Broadcast -  0.000 s
[2017.11.21-06.22.28:908][  0]LogAIModule: Creating AISystem for world Untitled
[2017.11.21-06.22.28:925][  0]LogInit: XAudio2 using 'Speakers (2- SteelSeries Siberia 350)' : 2 channels at 48 kHz using 16 bits per sample (channel mask 0x3)
[2017.11.21-06.22.28:933][  0]LogInit: FAudioDevice initialized.
[2017.11.21-06.22.29:017][  0]LogDerivedDataCache: Saved boot cache 0.08s 93MB C:/Users/Nazthraak/AppData/Local/UnrealEngine/4.17/DerivedDataCache/Boot.ddc.
[2017.11.21-06.22.29:026][  0]LogInit: Texture streaming: Enabled
[2017.11.21-06.22.29:090][  0]LogEngineSessionManager: EngineSessionManager initialized
[2017.11.21-06.22.29:220][  0]LogInit: Transaction tracking system initialized
[2017.11.21-06.22.29:391][  0]BlueprintLog: New page: Editor Load
[2017.11.21-06.22.29:923][  0]LocalizationService: Localization service is disabled
[2017.11.21-06.22.30:317][  0]LogConsoleResponse: Display: 
[2017.11.21-06.22.30:453][  0]LogCook: Display: Max memory allowance for cook 16384mb min free memory 0mb
[2017.11.21-06.22.30:453][  0]LogCook: Display: Mobile HDR setting 1
[2017.11.21-06.22.30:453][  0]LogGameplayTags: Display: UGameplayTagsManager::DoneAddingNativeTags. DelegateIsBound: 0
[2017.11.21-06.22.30:673][  0]LogFileCache: Scanning file cache for directory 'D:/Dev/UnrealCourse/Multiplayer/UnrealMultiplayerProject/PuzzlePlatforms/Content/' took 0.01s
[2017.11.21-06.22.31:040][  0]SourceControl: Source control is disabled
[2017.11.21-06.22.31:040][  0]Cmd: MAP LOAD FILE="D:/Dev/UnrealCourse/Multiplayer/UnrealMultiplayerProject/PuzzlePlatforms/Content/ThirdPersonBP/Maps/ThirdPersonExampleMap.umap" TEMPLATE=0 SHOWPROGRESS=1 FEATURELEVEL=3
[2017.11.21-06.22.31:040][  0]LightingResults: New page: Lighting Build
[2017.11.21-06.22.31:063][  0]MapCheck: New page: Map Check
[2017.11.21-06.22.31:063][  0]LightingResults: New page: Lighting Build
[2017.11.21-06.22.31:529][  0]LogAIModule: Creating AISystem for world ThirdPersonExampleMap
[2017.11.21-06.22.31:558][  0]LogEditorServer: Finished looking for orphan Actors (0.000 secs)
[2017.11.21-06.22.31:594][  0]Cmd: MAP CHECKDEP NOCLEARLOG
[2017.11.21-06.22.31:641][  0]MapCheck: Map check complete: 0 Error(s), 0 Warning(s), took 46.782ms to complete.
[2017.11.21-06.22.31:641][  0]LogFileHelpers: Loading map 'ThirdPersonExampleMap' took 0.602
[2017.11.21-06.22.31:725][  0]LogWindowsTextInputMethodSystem: Display: IME system now deactivated.
[2017.11.21-06.22.31:821][  0]LogCollectionManager: Loaded 0 collections in 0.001080 seconds
[2017.11.21-06.22.31:901][  0]LogFileCache: Scanning file cache for directory 'D:/Dev/UnrealCourse/Multiplayer/UnrealMultiplayerProject/PuzzlePlatforms/Saved/Collections/' took 0.01s
[2017.11.21-06.22.31:901][  0]LogFileCache: Scanning file cache for directory 'D:/Dev/UnrealCourse/Multiplayer/UnrealMultiplayerProject/PuzzlePlatforms/Content/Developers/Nazthraak/Collections/' took 0.01s
[2017.11.21-06.22.31:901][  0]LogFileCache: Scanning file cache for directory 'D:/Dev/UnrealCourse/Multiplayer/UnrealMultiplayerProject/PuzzlePlatforms/Content/Collections/' took 0.01s
[2017.11.21-06.22.31:901][  0]LogCollectionManager: Rebuilt the GUID cache for 0 collections in 0.000001 seconds
[2017.11.21-06.22.31:909][  0]LogContentBrowser: Native class hierarchy populated in 0.0077 seconds. Added 2386 classes and 500 folders.
[2017.11.21-06.22.31:960][  0]LogContentBrowser: Native class hierarchy updated for 'WidgetCarousel' in 0.0006 seconds. Added 0 classes and 0 folders.
[2017.11.21-06.22.31:986][  0]LogContentBrowser: Native class hierarchy updated for 'AddContentDialog' in 0.0005 seconds. Added 0 classes and 0 folders.
[2017.11.21-06.22.32:018][  0]LogContentBrowser: Native class hierarchy updated for 'SceneOutliner' in 0.0006 seconds. Added 1 classes and 2 folders.
[2017.11.21-06.22.32:037][  0]LogSlate: Took 0.000247 seconds to synchronously load lazily loaded font '../../../Engine/Content/Slate/Fonts/Roboto-Regular.ttf' (155K)
[2017.11.21-06.22.32:040][  0]LogSlate: Took 0.000386 seconds to synchronously load lazily loaded font '../../../Engine/Content/Slate/Fonts/Roboto-Bold.ttf' (160K)
[2017.11.21-06.22.32:046][  0]LogSlate: Took 0.000173 seconds to synchronously load lazily loaded font '../../../Engine/Content/Editor/Slate/Fonts/FontAwesome.ttf' (139K)
[2017.11.21-06.22.32:124][  0]LogRenderer: Reallocating scene render targets to support 1616x808 Format 10 NumSamples 1 (Frame:1).
[2017.11.21-06.22.32:278][  0]LogContentBrowser: Native class hierarchy updated for 'HierarchicalLODOutliner' in 0.0005 seconds. Added 1 classes and 2 folders.
[2017.11.21-06.22.32:278][  0]LogLoad: (Engine Initialization) Total time: 11.66 seconds
[2017.11.21-06.22.32:278][  0]LogLoad: (Engine Initialization) Total Blueprint compile time: 0.00 seconds
[2017.11.21-06.22.32:278][  0]LogExternalProfiler: Found external profiler: VSPerf
[2017.11.21-06.22.32:278][  0]LogExternalProfiler: Using external profiler: VSPerf
[2017.11.21-06.22.32:308][  0]LogAssetRegistry: Asset discovery search completed in 7.7078 seconds
[2017.11.21-06.22.32:310][  0]LogCollectionManager: Rebuilt the object cache for 0 collections in 0.000001 seconds (found 0 objects)
[2017.11.21-06.22.32:310][  0]LogCollectionManager: Fixed up redirectors for 0 collections in 0.000060 seconds (updated 0 objects)
[2017.11.21-06.22.32:313][  0]LogContentStreaming: Texture pool size now 1000 MB
